#
# There is insufficient memory for the Java Runtime Environment to continue.
# Native memory allocation (malloc) failed to allocate 145227776 bytes for committing reserved memory.
# Possible reasons:
#   The system is out of physical RAM or swap space
#   In 32 bit mode, the process size limit was hit
# Possible solutions:
#   Reduce memory load on the system
#   Increase physical memory or swap space
#   Check if swap backing store is full
#   Use 64 bit Java on a 64 bit OS
#   Decrease Java heap size (-Xmx/-Xms)
#   Decrease number of Java threads
#   Decrease Java thread stack sizes (-Xss)
#   Set larger code cache with -XX:ReservedCodeCacheSize=
# This output file may be truncated or incomplete.
#
#  Out of Memory Error (os_linux.cpp:2756), pid=32442, tid=139737763395328
#
# JRE version: Java(TM) SE Runtime Environment (7.0_80-b15) (build 1.7.0_80-b15)
# Java VM: Java HotSpot(TM) 64-Bit Server VM (24.80-b11 mixed mode linux-amd64 compressed oops)
# Failed to write core dump. Core dumps have been disabled. To enable core dumping, try "ulimit -c unlimited" before starting Java again
#

---------------  T H R E A D  ---------------

Current thread (0x00007f174c06a000):  VMThread [stack: 0x00007f173bafb000,0x00007f173bbfc000] [id=32451]

Stack: [0x00007f173bafb000,0x00007f173bbfc000],  sp=0x00007f173bbfa0a0,  free space=1020k
Native frames: (J=compiled Java code, j=interpreted, Vv=VM code, C=native code)
V  [libjvm.so+0x9a320a]  VMError::report_and_die()+0x2ea
V  [libjvm.so+0x498d3b]  report_vm_out_of_memory(char const*, int, unsigned long, char const*)+0x9b
V  [libjvm.so+0x82191e]  os::Linux::commit_memory_impl(char*, unsigned long, bool)+0xfe
V  [libjvm.so+0x821e69]  os::pd_commit_memory(char*, unsigned long, unsigned long, bool)+0x29
V  [libjvm.so+0x81bb6a]  os::commit_memory(char*, unsigned long, unsigned long, bool)+0x2a
V  [libjvm.so+0x88d623]  PSVirtualSpace::expand_by(unsigned long)+0x53
V  [libjvm.so+0x87ca80]  PSOldGen::expand(unsigned long)+0x170
V  [libjvm.so+0x87cc8b]  PSOldGen::resize(unsigned long)+0x1cb
V  [libjvm.so+0x885951]  PSParallelCompact::invoke_no_policy(bool)+0x9b1
V  [libjvm.so+0x88b8cd]  PSScavenge::invoke()+0x1ad
V  [libjvm.so+0x843f40]  ParallelScavengeHeap::failed_mem_allocate(unsigned long)+0x70
V  [libjvm.so+0x9a4a97]  VM_ParallelGCFailedAllocation::doit()+0x97
V  [libjvm.so+0x9abf35]  VM_Operation::evaluate()+0x55
V  [libjvm.so+0x9aa2fa]  VMThread::evaluate_operation(VM_Operation*)+0xba
V  [libjvm.so+0x9aa67e]  VMThread::loop()+0x1ce
V  [libjvm.so+0x9aaaf0]  VMThread::run()+0x70
V  [libjvm.so+0x8238c8]  java_start(Thread*)+0x108

VM_Operation (0x00007f173a8e7d70): ParallelGCFailedAllocation, mode: safepoint, requested by thread 0x00007f174c140000


---------------  P R O C E S S  ---------------

Java Threads: ( => current thread )
  0x00007f174c155800 JavaThread "pool-1-thread-4" [_thread_blocked, id=32463, stack(0x00007f173a3e5000,0x00007f173a4e6000)]
  0x00007f174c154000 JavaThread "pool-1-thread-3" [_thread_blocked, id=32462, stack(0x00007f173a4e6000,0x00007f173a5e7000)]
  0x00007f174c150800 JavaThread "pool-1-thread-2" [_thread_blocked, id=32461, stack(0x00007f173a5e7000,0x00007f173a6e8000)]
  0x00007f174c142000 JavaThread "pool-2-thread-1" [_thread_blocked, id=32460, stack(0x00007f173a6e8000,0x00007f173a7e9000)]
  0x00007f174c140000 JavaThread "pool-1-thread-1" [_thread_blocked, id=32459, stack(0x00007f173a7e9000,0x00007f173a8ea000)]
  0x00007f174c099000 JavaThread "Service Thread" daemon [_thread_blocked, id=32457, stack(0x00007f173ae13000,0x00007f173af14000)]
  0x00007f174c096800 JavaThread "C2 CompilerThread1" daemon [_thread_blocked, id=32456, stack(0x00007f173af14000,0x00007f173b015000)]
  0x00007f174c093800 JavaThread "C2 CompilerThread0" daemon [_thread_blocked, id=32455, stack(0x00007f173b015000,0x00007f173b116000)]
  0x00007f174c091800 JavaThread "Signal Dispatcher" daemon [_thread_blocked, id=32454, stack(0x00007f173b116000,0x00007f173b217000)]
  0x00007f174c070800 JavaThread "Finalizer" daemon [_thread_blocked, id=32453, stack(0x00007f173b8f9000,0x00007f173b9fa000)]
  0x00007f174c06e000 JavaThread "Reference Handler" daemon [_thread_blocked, id=32452, stack(0x00007f173b9fa000,0x00007f173bafb000)]
  0x00007f174c00a000 JavaThread "main" [_thread_blocked, id=32444, stack(0x00007f1755905000,0x00007f1755a06000)]

Other Threads:
=>0x00007f174c06a000 VMThread [stack: 0x00007f173bafb000,0x00007f173bbfc000] [id=32451]
  0x00007f174c0a3800 WatcherThread [stack: 0x00007f173ad12000,0x00007f173ae13000] [id=32458]

VM state:at safepoint (normal execution)

VM Mutex/Monitor currently owned by a thread:  ([mutex/lock_event])
[0x00007f174c005e80] ExpandHeap_lock - owner thread: 0x00007f174c06a000
[0x00007f174c006500] Threads_lock - owner thread: 0x00007f174c06a000
[0x00007f174c006a00] Heap_lock - owner thread: 0x00007f174c140000

Heap
 PSYoungGen      total 285184K, used 0K [0x00000000eaa80000, 0x0000000100000000, 0x0000000100000000)
  eden space 224768K, 0% used [0x00000000eaa80000,0x00000000eaa80000,0x00000000f8600000)
  from space 60416K, 0% used [0x00000000f8600000,0x00000000f8600000,0x00000000fc100000)
  to   space 64512K, 0% used [0x00000000fc100000,0x00000000fc100000,0x0000000100000000)
 ParOldGen       total 193024K, used 183495K [0x00000000c0000000, 0x00000000cbc80000, 0x00000000eaa80000)
  object space 193024K, 95% used [0x00000000c0000000,0x00000000cb331ec8,0x00000000cbc80000)
 PSPermGen       total 21504K, used 5876K [0x00000000bae00000, 0x00000000bc300000, 0x00000000c0000000)
  object space 21504K, 27% used [0x00000000bae00000,0x00000000bb3bd1e0,0x00000000bc300000)

Card table byte_map: [0x00007f17529d0000,0x00007f1752bfa000] byte_map_base: 0x00007f17523f9000

Polling page: 0x00007f1755a2a000

Code Cache  [0x00007f1749000000, 0x00007f1749270000, 0x00007f174c000000)
 total_blobs=654 nmethods=424 adapters=183 free_code_cache=47185Kb largest_free_block=48275904

Compilation events (10 events):
Event: 26.354 Thread 0x00007f174c093800  426             com.android.dx.ssa.SsaRenamer$BlockRenamer$RenamingMapper::map (28 bytes)
Event: 26.355 Thread 0x00007f174c093800 nmethod 426 0x00007f1749132610 code [0x00007f1749132760, 0x00007f1749132868]
Event: 26.355 Thread 0x00007f174c093800  427             com.android.dx.ssa.PhiTypeResolver::run (179 bytes)
Event: 26.671 Thread 0x00007f174c093800 nmethod 427 0x00007f17491efa50 code [0x00007f17491efe80, 0x00007f17491f22b8]
Event: 26.671 Thread 0x00007f174c093800  428             com.android.dx.cf.code.ByteBlock::<init> (181 bytes)
Event: 26.689 Thread 0x00007f174c093800 nmethod 428 0x00007f1749136ed0 code [0x00007f1749137020, 0x00007f1749137278]
Event: 26.689 Thread 0x00007f174c093800  429             com.android.dx.rop.cst.CstFieldRef::compareTo0 (43 bytes)
Event: 26.699 Thread 0x00007f174c093800 nmethod 429 0x00007f1749133450 code [0x00007f17491335e0, 0x00007f1749133b78]
Event: 26.699 Thread 0x00007f174c093800  430   !         com.android.dx.ssa.LocalVariableInfo::setStarts (40 bytes)
Event: 26.700 Thread 0x00007f174c093800 nmethod 430 0x00007f17490e7290 code [0x00007f17490e73e0, 0x00007f17490e74d8]

GC Heap History (10 events):
Event: 13.334 GC heap after
Heap after GC invocations=6 (full 0):
 PSYoungGen      total 141312K, used 14833K [0x00000000eaa80000, 0x00000000f4a80000, 0x0000000100000000)
  eden space 126464K, 0% used [0x00000000eaa80000,0x00000000eaa80000,0x00000000f2600000)
  from space 14848K, 99% used [0x00000000f3700000,0x00000000f457c410,0x00000000f4580000)
  to   space 17408K, 0% used [0x00000000f2600000,0x00000000f2600000,0x00000000f3700000)
 ParOldGen       total 83968K, used 25911K [0x00000000c0000000, 0x00000000c5200000, 0x00000000eaa80000)
  object space 83968K, 30% used [0x00000000c0000000,0x00000000c194dcd0,0x00000000c5200000)
 PSPermGen       total 21504K, used 5828K [0x00000000bae00000, 0x00000000bc300000, 0x00000000c0000000)
  object space 21504K, 27% used [0x00000000bae00000,0x00000000bb3b1178,0x00000000bc300000)
}
Event: 19.646 GC heap before
{Heap before GC invocations=7 (full 0):
 PSYoungGen      total 141312K, used 141297K [0x00000000eaa80000, 0x00000000f4a80000, 0x0000000100000000)
  eden space 126464K, 100% used [0x00000000eaa80000,0x00000000f2600000,0x00000000f2600000)
  from space 14848K, 99% used [0x00000000f3700000,0x00000000f457c410,0x00000000f4580000)
  to   space 17408K, 0% used [0x00000000f2600000,0x00000000f2600000,0x00000000f3700000)
 ParOldGen       total 83968K, used 25911K [0x00000000c0000000, 0x00000000c5200000, 0x00000000eaa80000)
  object space 83968K, 30% used [0x00000000c0000000,0x00000000c194dcd0,0x00000000c5200000)
 PSPermGen       total 21504K, used 5859K [0x00000000bae00000, 0x00000000bc300000, 0x00000000c0000000)
  object space 21504K, 27% used [0x00000000bae00000,0x00000000bb3b8ee8,0x00000000bc300000)
Event: 19.902 GC heap after
Heap after GC invocations=7 (full 0):
 PSYoungGen      total 143872K, used 17405K [0x00000000eaa80000, 0x00000000fe080000, 0x0000000100000000)
  eden space 126464K, 0% used [0x00000000eaa80000,0x00000000eaa80000,0x00000000f2600000)
  from space 17408K, 99% used [0x00000000f2600000,0x00000000f36ff598,0x00000000f3700000)
  to   space 32256K, 0% used [0x00000000fc100000,0x00000000fc100000,0x00000000fe080000)
 ParOldGen       total 83968K, used 50844K [0x00000000c0000000, 0x00000000c5200000, 0x00000000eaa80000)
  object space 83968K, 60% used [0x00000000c0000000,0x00000000c31a71f0,0x00000000c5200000)
 PSPermGen       total 21504K, used 5859K [0x00000000bae00000, 0x00000000bc300000, 0x00000000c0000000)
  object space 21504K, 27% used [0x00000000bae00000,0x00000000bb3b8ee8,0x00000000bc300000)
}
Event: 22.824 GC heap before
{Heap before GC invocations=8 (full 0):
 PSYoungGen      total 143872K, used 143869K [0x00000000eaa80000, 0x00000000fe080000, 0x0000000100000000)
  eden space 126464K, 100% used [0x00000000eaa80000,0x00000000f2600000,0x00000000f2600000)
  from space 17408K, 99% used [0x00000000f2600000,0x00000000f36ff598,0x00000000f3700000)
  to   space 32256K, 0% used [0x00000000fc100000,0x00000000fc100000,0x00000000fe080000)
 ParOldGen       total 83968K, used 50844K [0x00000000c0000000, 0x00000000c5200000, 0x00000000eaa80000)
  object space 83968K, 60% used [0x00000000c0000000,0x00000000c31a71f0,0x00000000c5200000)
 PSPermGen       total 21504K, used 5879K [0x00000000bae00000, 0x00000000bc300000, 0x00000000c0000000)
  object space 21504K, 27% used [0x00000000bae00000,0x00000000bb3bdce8,0x00000000bc300000)
Event: 23.070 GC heap after
Heap after GC invocations=8 (full 0):
 PSYoungGen      total 257024K, used 32246K [0x00000000eaa80000, 0x0000000100000000, 0x0000000100000000)
  eden space 224768K, 0% used [0x00000000eaa80000,0x00000000eaa80000,0x00000000f8600000)
  from space 32256K, 99% used [0x00000000fc100000,0x00000000fe07dac0,0x00000000fe080000)
  to   space 60416K, 0% used [0x00000000f8600000,0x00000000f8600000,0x00000000fc100000)
 ParOldGen       total 103424K, used 103403K [0x00000000c0000000, 0x00000000c6500000, 0x00000000eaa80000)
  object space 103424K, 99% used [0x00000000c0000000,0x00000000c64fad28,0x00000000c6500000)
 PSPermGen       total 21504K, used 5879K [0x00000000bae00000, 0x00000000bc300000, 0x00000000c0000000)
  object space 21504K, 27% used [0x00000000bae00000,0x00000000bb3bdce8,0x00000000bc300000)
}
Event: 23.072 GC heap before
{Heap before GC invocations=9 (full 1):
 PSYoungGen      total 257024K, used 32246K [0x00000000eaa80000, 0x0000000100000000, 0x0000000100000000)
  eden space 224768K, 0% used [0x00000000eaa80000,0x00000000eaa80000,0x00000000f8600000)
  from space 32256K, 99% used [0x00000000fc100000,0x00000000fe07dac0,0x00000000fe080000)
  to   space 60416K, 0% used [0x00000000f8600000,0x00000000f8600000,0x00000000fc100000)
 ParOldGen       total 103424K, used 103403K [0x00000000c0000000, 0x00000000c6500000, 0x00000000eaa80000)
  object space 103424K, 99% used [0x00000000c0000000,0x00000000c64fad28,0x00000000c6500000)
 PSPermGen       total 21504K, used 5879K [0x00000000bae00000, 0x00000000bc300000, 0x00000000c0000000)
  object space 21504K, 27% used [0x00000000bae00000,0x00000000bb3bdce8,0x00000000bc300000)
Event: 24.824 GC heap after
Heap after GC invocations=9 (full 1):
 PSYoungGen      total 257024K, used 23773K [0x00000000eaa80000, 0x0000000100000000, 0x0000000100000000)
  eden space 224768K, 0% used [0x00000000eaa80000,0x00000000eaa80000,0x00000000f8600000)
  from space 32256K, 73% used [0x00000000fc100000,0x00000000fd837518,0x00000000fe080000)
  to   space 60416K, 0% used [0x00000000f8600000,0x00000000f8600000,0x00000000fc100000)
 ParOldGen       total 193024K, used 103269K [0x00000000c0000000, 0x00000000cbc80000, 0x00000000eaa80000)
  object space 193024K, 53% used [0x00000000c0000000,0x00000000c64d9490,0x00000000cbc80000)
 PSPermGen       total 21504K, used 5876K [0x00000000bae00000, 0x00000000bc300000, 0x00000000c0000000)
  object space 21504K, 27% used [0x00000000bae00000,0x00000000bb3bd138,0x00000000bc300000)
}
Event: 26.708 GC heap before
{Heap before GC invocations=10 (full 1):
 PSYoungGen      total 257024K, used 248541K [0x00000000eaa80000, 0x0000000100000000, 0x0000000100000000)
  eden space 224768K, 100% used [0x00000000eaa80000,0x00000000f8600000,0x00000000f8600000)
  from space 32256K, 73% used [0x00000000fc100000,0x00000000fd837518,0x00000000fe080000)
  to   space 60416K, 0% used [0x00000000f8600000,0x00000000f8600000,0x00000000fc100000)
 ParOldGen       total 193024K, used 103269K [0x00000000c0000000, 0x00000000cbc80000, 0x00000000eaa80000)
  object space 193024K, 53% used [0x00000000c0000000,0x00000000c64d9490,0x00000000cbc80000)
 PSPermGen       total 21504K, used 5876K [0x00000000bae00000, 0x00000000bc300000, 0x00000000c0000000)
  object space 21504K, 27% used [0x00000000bae00000,0x00000000bb3bd200,0x00000000bc300000)
Event: 27.621 GC heap after
Heap after GC invocations=10 (full 1):
 PSYoungGen      total 285184K, used 60414K [0x00000000eaa80000, 0x0000000100000000, 0x0000000100000000)
  eden space 224768K, 0% used [0x00000000eaa80000,0x00000000eaa80000,0x00000000f8600000)
  from space 60416K, 99% used [0x00000000f8600000,0x00000000fc0ff828,0x00000000fc100000)
  to   space 64512K, 0% used [0x00000000fc100000,0x00000000fc100000,0x0000000100000000)
 ParOldGen       total 193024K, used 172198K [0x00000000c0000000, 0x00000000cbc80000, 0x00000000eaa80000)
  object space 193024K, 89% used [0x00000000c0000000,0x00000000ca829ae0,0x00000000cbc80000)
 PSPermGen       total 21504K, used 5876K [0x00000000bae00000, 0x00000000bc300000, 0x00000000c0000000)
  object space 21504K, 27% used [0x00000000bae00000,0x00000000bb3bd200,0x00000000bc300000)
}
Event: 28.487 GC heap before
{Heap before GC invocations=11 (full 2):
 PSYoungGen      total 285184K, used 60414K [0x00000000eaa80000, 0x0000000100000000, 0x0000000100000000)
  eden space 224768K, 0% used [0x00000000eaa80000,0x00000000eaa80000,0x00000000f8600000)
  from space 60416K, 99% used [0x00000000f8600000,0x00000000fc0ff828,0x00000000fc100000)
  to   space 64512K, 0% used [0x00000000fc100000,0x00000000fc100000,0x0000000100000000)
 ParOldGen       total 193024K, used 172198K [0x00000000c0000000, 0x00000000cbc80000, 0x00000000eaa80000)
  object space 193024K, 89% used [0x00000000c0000000,0x00000000ca829ae0,0x00000000cbc80000)
 PSPermGen       total 21504K, used 5876K [0x00000000bae00000, 0x00000000bc300000, 0x00000000c0000000)
  object space 21504K, 27% used [0x00000000bae00000,0x00000000bb3bd200,0x00000000bc300000)

Deoptimization events (10 events):
Event: 12.345 Thread 0x00007f174c155800 Uncommon trap: reason=unstable_if action=reinterpret pc=0x00007f17490e0bb8 method=com.android.dx.ssa.Dominators.run()V @ 346
Event: 12.675 Thread 0x00007f174c154000 Uncommon trap: reason=null_check action=make_not_entrant pc=0x00007f174912f0cc method=com.android.dx.cf.code.Ropper$CatchInfo.getSetup(Lcom/android/dx/rop/type/Type;)Lcom/android/dx/cf/code/Ropper$ExceptionHandlerSetup; @ 10
Event: 17.163 Thread 0x00007f174c00a000 Uncommon trap: reason=unstable_if action=reinterpret pc=0x00007f1749144068 method=com.android.dx.ssa.SCCP.simulateStmt(Lcom/android/dx/ssa/SsaInsn;)V @ 59
Event: 20.409 Thread 0x00007f174c150800 Uncommon trap: reason=predicate action=maybe_recompile pc=0x00007f17490b9cec method=com.android.dx.ssa.DomFront.run()[Lcom/android/dx/ssa/DomFront$DomInfo; @ 175
Event: 20.940 Thread 0x00007f174c154000 Uncommon trap: reason=bimorphic action=maybe_recompile pc=0x00007f1749185170 method=com.android.dx.cf.code.BytecodeArray.parseInstruction(ILcom/android/dx/cf/code/BytecodeArray$Visitor;)I @ 1597
Event: 20.941 Thread 0x00007f174c154000 Uncommon trap: reason=bimorphic action=maybe_recompile pc=0x00007f1749185bc8 method=com.android.dx.cf.code.BytecodeArray.parseInstruction(ILcom/android/dx/cf/code/BytecodeArray$Visitor;)I @ 1357
Event: 20.941 Thread 0x00007f174c154000 Uncommon trap: reason=bimorphic action=maybe_recompile pc=0x00007f1749185170 method=com.android.dx.cf.code.BytecodeArray.parseInstruction(ILcom/android/dx/cf/code/BytecodeArray$Visitor;)I @ 1597
Event: 20.943 Thread 0x00007f174c154000 Uncommon trap: reason=bimorphic action=maybe_recompile pc=0x00007f1749185bc8 method=com.android.dx.cf.code.BytecodeArray.parseInstruction(ILcom/android/dx/cf/code/BytecodeArray$Visitor;)I @ 1357
Event: 21.698 Thread 0x00007f174c150800 Uncommon trap: reason=unloaded action=reinterpret pc=0x00007f174908661c method=com.android.dx.ssa.SetFactory.makeLivenessSet(I)Lcom/android/dx/util/IntSet; @ 18
Event: 25.670 Thread 0x00007f174c150800 Uncommon trap: reason=class_check action=maybe_recompile pc=0x00007f17491d59f8 method=com.android.dx.ssa.back.InterferenceGraph.mergeInterferenceSet(ILcom/android/dx/util/IntSet;)V @ 20

Internal exceptions (10 events):
Event: 1.446 Thread 0x00007f174c00a000 Implicit null exception at 0x00007f17490845f2 to 0x00007f1749084811
Event: 1.744 Thread 0x00007f174c155800 Threw 0x00000000ec18cee8 at /HUDSON/workspace/7u-2-build-linux-amd64/jdk7u80/2329/hotspot/src/share/vm/prims/jvm.cpp:1319
Event: 2.495 Thread 0x00007f174c140000 Threw 0x00000000eb9941c8 at /HUDSON/workspace/7u-2-build-linux-amd64/jdk7u80/2329/hotspot/src/share/vm/prims/jvm.cpp:1319
Event: 3.258 Thread 0x00007f174c00a000 Implicit null exception at 0x00007f17490b4753 to 0x00007f17490b4e35
Event: 4.274 Thread 0x00007f174c140000 Threw 0x00000000ec28f610 at /HUDSON/workspace/7u-2-build-linux-amd64/jdk7u80/2329/hotspot/src/share/vm/prims/jvm.cpp:1319
Event: 5.634 Thread 0x00007f174c154000 Threw 0x00000000eb986050 at /HUDSON/workspace/7u-2-build-linux-amd64/jdk7u80/2329/hotspot/src/share/vm/prims/jvm.cpp:1319
Event: 6.523 Thread 0x00007f174c154000 Implicit null exception at 0x00007f17490ef765 to 0x00007f17490f06fd
Event: 12.675 Thread 0x00007f174c154000 Implicit null exception at 0x00007f174912b419 to 0x00007f174912f08d
Event: 20.409 Thread 0x00007f174c150800 Threw 0x00000000ef3c1460 at /HUDSON/workspace/7u-2-build-linux-amd64/jdk7u80/2329/hotspot/src/share/vm/prims/jvm.cpp:1319
Event: 20.531 Thread 0x00007f174c150800 Threw 0x00000000ef4f6530 at /HUDSON/workspace/7u-2-build-linux-amd64/jdk7u80/2329/hotspot/src/share/vm/prims/jvm.cpp:1319

Events (10 events):
Event: 21.698 Thread 0x00007f174c150800 DEOPT PACKING pc=0x00007f174908661c sp=0x00007f173a6e5fa0
Event: 21.698 Thread 0x00007f174c150800 DEOPT UNPACKING pc=0x00007f1749039445 sp=0x00007f173a6e5e68 mode 2
Event: 22.804 Executing VM operation: ParallelGCFailedAllocation
Event: 24.824 Executing VM operation: ParallelGCFailedAllocation done
Event: 24.840 Thread 0x00007f174c093800 flushing nmethod 0x00007f17490de110
Event: 24.968 Thread 0x00007f174c096800 flushing nmethod 0x00007f1749128590
Event: 25.670 Thread 0x00007f174c150800 Uncommon trap: trap_request=0xffffffde fr.pc=0x00007f17491d59f8
Event: 25.670 Thread 0x00007f174c150800 DEOPT PACKING pc=0x00007f17491d59f8 sp=0x00007f173a6e5fe0
Event: 25.670 Thread 0x00007f174c150800 DEOPT UNPACKING pc=0x00007f1749039445 sp=0x00007f173a6e5e30 mode 2
Event: 26.701 Executing VM operation: ParallelGCFailedAllocation


Dynamic libraries:
00400000-00401000 r-xp 00000000 08:05 522921                             /usr/lib/jvm/java-7-oracle/bin/java
00600000-00601000 rw-p 00000000 08:05 522921                             /usr/lib/jvm/java-7-oracle/bin/java
018e8000-01909000 rw-p 00000000 00:00 0                                  [heap]
bae00000-bc300000 rw-p 00000000 00:00 0 
bc300000-c0000000 rw-p 00000000 00:00 0 
c0000000-cbc80000 rw-p 00000000 00:00 0 
d4700000-eaa80000 rw-p 00000000 00:00 0 
eaa80000-100000000 rw-p 00000000 00:00 0 
7f1700000000-7f1700021000 rw-p 00000000 00:00 0 
7f1700021000-7f1704000000 ---p 00000000 00:00 0 
7f1704000000-7f1704045000 rw-p 00000000 00:00 0 
7f1704045000-7f1708000000 ---p 00000000 00:00 0 
7f1708000000-7f1708021000 rw-p 00000000 00:00 0 
7f1708021000-7f170c000000 ---p 00000000 00:00 0 
7f170c000000-7f170c021000 rw-p 00000000 00:00 0 
7f170c021000-7f1710000000 ---p 00000000 00:00 0 
7f1710000000-7f1710021000 rw-p 00000000 00:00 0 
7f1710021000-7f1714000000 ---p 00000000 00:00 0 
7f1714000000-7f1714028000 rw-p 00000000 00:00 0 
7f1714028000-7f1718000000 ---p 00000000 00:00 0 
7f1718000000-7f171993e000 rw-p 00000000 00:00 0 
7f171993e000-7f171c000000 ---p 00000000 00:00 0 
7f171c000000-7f171c021000 rw-p 00000000 00:00 0 
7f171c021000-7f1720000000 ---p 00000000 00:00 0 
7f1720000000-7f1720021000 rw-p 00000000 00:00 0 
7f1720021000-7f1724000000 ---p 00000000 00:00 0 
7f1724000000-7f17256e7000 rw-p 00000000 00:00 0 
7f17256e7000-7f1728000000 ---p 00000000 00:00 0 
7f1728000000-7f1728021000 rw-p 00000000 00:00 0 
7f1728021000-7f172c000000 ---p 00000000 00:00 0 
7f172c000000-7f172c021000 rw-p 00000000 00:00 0 
7f172c021000-7f1730000000 ---p 00000000 00:00 0 
7f1730000000-7f173024f000 rw-p 00000000 00:00 0 
7f173024f000-7f1734000000 ---p 00000000 00:00 0 
7f1734000000-7f1734021000 rw-p 00000000 00:00 0 
7f1734021000-7f1738000000 ---p 00000000 00:00 0 
7f173a3e5000-7f173a3e8000 ---p 00000000 00:00 0 
7f173a3e8000-7f173a4e6000 rw-p 00000000 00:00 0                          [stack:32463]
7f173a4e6000-7f173a4e9000 ---p 00000000 00:00 0 
7f173a4e9000-7f173a5e7000 rw-p 00000000 00:00 0                          [stack:32462]
7f173a5e7000-7f173a5ea000 ---p 00000000 00:00 0 
7f173a5ea000-7f173a6e8000 rw-p 00000000 00:00 0                          [stack:32461]
7f173a6e8000-7f173a6eb000 ---p 00000000 00:00 0 
7f173a6eb000-7f173a7e9000 rw-p 00000000 00:00 0                          [stack:32460]
7f173a7e9000-7f173a7ec000 ---p 00000000 00:00 0 
7f173a7ec000-7f173a8ea000 rw-p 00000000 00:00 0                          [stack:32459]
7f173a8ea000-7f173a901000 r-xp 00000000 08:05 746754                     /usr/lib/jvm/java-7-oracle/jre/lib/amd64/libnet.so
7f173a901000-7f173ab00000 ---p 00017000 08:05 746754                     /usr/lib/jvm/java-7-oracle/jre/lib/amd64/libnet.so
7f173ab00000-7f173ab01000 rw-p 00016000 08:05 746754                     /usr/lib/jvm/java-7-oracle/jre/lib/amd64/libnet.so
7f173ab01000-7f173ab11000 r-xp 00000000 08:05 746733                     /usr/lib/jvm/java-7-oracle/jre/lib/amd64/libnio.so
7f173ab11000-7f173ad11000 ---p 00010000 08:05 746733                     /usr/lib/jvm/java-7-oracle/jre/lib/amd64/libnio.so
7f173ad11000-7f173ad12000 rw-p 00010000 08:05 746733                     /usr/lib/jvm/java-7-oracle/jre/lib/amd64/libnio.so
7f173ad12000-7f173ad13000 ---p 00000000 00:00 0 
7f173ad13000-7f173ae13000 rw-p 00000000 00:00 0                          [stack:32458]
7f173ae13000-7f173ae16000 ---p 00000000 00:00 0 
7f173ae16000-7f173af14000 rw-p 00000000 00:00 0                          [stack:32457]
7f173af14000-7f173af17000 ---p 00000000 00:00 0 
7f173af17000-7f173b015000 rw-p 00000000 00:00 0                          [stack:32456]
7f173b015000-7f173b018000 ---p 00000000 00:00 0 
7f173b018000-7f173b116000 rw-p 00000000 00:00 0                          [stack:32455]
7f173b116000-7f173b119000 ---p 00000000 00:00 0 
7f173b119000-7f173b217000 rw-p 00000000 00:00 0                          [stack:32454]
7f173b217000-7f173b8f9000 r--p 00000000 08:05 271325                     /usr/lib/locale/locale-archive
7f173b8f9000-7f173b8fc000 ---p 00000000 00:00 0 
7f173b8fc000-7f173b9fa000 rw-p 00000000 00:00 0                          [stack:32453]
7f173b9fa000-7f173b9fd000 ---p 00000000 00:00 0 
7f173b9fd000-7f173bafb000 rw-p 00000000 00:00 0                          [stack:32452]
7f173bafb000-7f173bafc000 ---p 00000000 00:00 0 
7f173bafc000-7f173c000000 rw-p 00000000 00:00 0                          [stack:32451]
7f173c000000-7f173c021000 rw-p 00000000 00:00 0 
7f173c021000-7f1740000000 ---p 00000000 00:00 0 
7f1740000000-7f1740021000 rw-p 00000000 00:00 0 
7f1740021000-7f1744000000 ---p 00000000 00:00 0 
7f1744000000-7f1744021000 rw-p 00000000 00:00 0 
7f1744021000-7f1748000000 ---p 00000000 00:00 0 
7f1748099000-7f1748c17000 rw-p 00000000 00:00 0 
7f1748c17000-7f1748dd7000 r--s 039fb000 08:05 746313                     /usr/lib/jvm/java-7-oracle/jre/lib/rt.jar
7f1748dd7000-7f1749000000 rw-p 00000000 00:00 0 
7f1749000000-7f1749270000 rwxp 00000000 00:00 0 
7f1749270000-7f174c189000 rw-p 00000000 00:00 0 
7f174c189000-7f1750000000 ---p 00000000 00:00 0 
7f1750000000-7f1750016000 r--s 000dc000 08:06 1853630                    /home/bill/MobileProto/Lab3/ScavangerHunt/app/build/intermediates/exploded-aar/com.google.android.gms/play-services-ads/8.1.0/jars/classes.jar
7f1750016000-7f175244d000 rw-p 00000000 00:00 0 
7f175244d000-7f175244e000 ---p 00000000 00:00 0 
7f175244e000-7f175254e000 rw-p 00000000 00:00 0                          [stack:32450]
7f175254e000-7f175254f000 ---p 00000000 00:00 0 
7f175254f000-7f175264f000 rw-p 00000000 00:00 0                          [stack:32449]
7f175264f000-7f1752650000 ---p 00000000 00:00 0 
7f1752650000-7f1752750000 rw-p 00000000 00:00 0                          [stack:32448]
7f1752750000-7f1752751000 ---p 00000000 00:00 0 
7f1752751000-7f175285c000 rw-p 00000000 00:00 0                          [stack:32446]
7f175285c000-7f175287a000 rw-p 00000000 00:00 0 
7f175287a000-7f17528d9000 rw-p 00000000 00:00 0 
7f17528d9000-7f17529d0000 rw-p 00000000 00:00 0 
7f17529d0000-7f17529db000 rw-p 00000000 00:00 0 
7f17529db000-7f17529f9000 rw-p 00000000 00:00 0 
7f17529f9000-7f1752a58000 rw-p 00000000 00:00 0 
7f1752a58000-7f1752b4e000 rw-p 00000000 00:00 0 
7f1752b4e000-7f1752bf9000 rw-p 00000000 00:00 0 
7f1752bf9000-7f1752bfa000 rw-p 00000000 00:00 0 
7f1752bfa000-7f1752c11000 r-xp 00000000 08:05 746729                     /usr/lib/jvm/java-7-oracle/jre/lib/amd64/libzip.so
7f1752c11000-7f1752e11000 ---p 00017000 08:05 746729                     /usr/lib/jvm/java-7-oracle/jre/lib/amd64/libzip.so
7f1752e11000-7f1752e12000 rw-p 00017000 08:05 746729                     /usr/lib/jvm/java-7-oracle/jre/lib/amd64/libzip.so
7f1752e12000-7f1752e1d000 r-xp 00000000 08:05 925329                     /lib/x86_64-linux-gnu/libnss_files-2.19.so
7f1752e1d000-7f175301c000 ---p 0000b000 08:05 925329                     /lib/x86_64-linux-gnu/libnss_files-2.19.so
7f175301c000-7f175301d000 r--p 0000a000 08:05 925329                     /lib/x86_64-linux-gnu/libnss_files-2.19.so
7f175301d000-7f175301e000 rw-p 0000b000 08:05 925329                     /lib/x86_64-linux-gnu/libnss_files-2.19.so
7f175301e000-7f1753029000 r-xp 00000000 08:05 925367                     /lib/x86_64-linux-gnu/libnss_nis-2.19.so
7f1753029000-7f1753228000 ---p 0000b000 08:05 925367                     /lib/x86_64-linux-gnu/libnss_nis-2.19.so
7f1753228000-7f1753229000 r--p 0000a000 08:05 925367                     /lib/x86_64-linux-gnu/libnss_nis-2.19.so
7f1753229000-7f175322a000 rw-p 0000b000 08:05 925367                     /lib/x86_64-linux-gnu/libnss_nis-2.19.so
7f175322a000-7f1753241000 r-xp 00000000 08:05 925347                     /lib/x86_64-linux-gnu/libnsl-2.19.so
7f1753241000-7f1753440000 ---p 00017000 08:05 925347                     /lib/x86_64-linux-gnu/libnsl-2.19.so
7f1753440000-7f1753441000 r--p 00016000 08:05 925347                     /lib/x86_64-linux-gnu/libnsl-2.19.so
7f1753441000-7f1753442000 rw-p 00017000 08:05 925347                     /lib/x86_64-linux-gnu/libnsl-2.19.so
7f1753442000-7f1753444000 rw-p 00000000 00:00 0 
7f1753444000-7f175344d000 r-xp 00000000 08:05 925345                     /lib/x86_64-linux-gnu/libnss_compat-2.19.so
7f175344d000-7f175364c000 ---p 00009000 08:05 925345                     /lib/x86_64-linux-gnu/libnss_compat-2.19.so
7f175364c000-7f175364d000 r--p 00008000 08:05 925345                     /lib/x86_64-linux-gnu/libnss_compat-2.19.so
7f175364d000-7f175364e000 rw-p 00009000 08:05 925345                     /lib/x86_64-linux-gnu/libnss_compat-2.19.so
7f175364e000-7f1753677000 r-xp 00000000 08:05 746778                     /usr/lib/jvm/java-7-oracle/jre/lib/amd64/libjava.so
7f1753677000-7f1753877000 ---p 00029000 08:05 746778                     /usr/lib/jvm/java-7-oracle/jre/lib/amd64/libjava.so
7f1753877000-7f1753879000 rw-p 00029000 08:05 746778                     /usr/lib/jvm/java-7-oracle/jre/lib/amd64/libjava.so
7f1753879000-7f1753886000 r-xp 00000000 08:05 746780                     /usr/lib/jvm/java-7-oracle/jre/lib/amd64/libverify.so
7f1753886000-7f1753a85000 ---p 0000d000 08:05 746780                     /usr/lib/jvm/java-7-oracle/jre/lib/amd64/libverify.so
7f1753a85000-7f1753a87000 rw-p 0000c000 08:05 746780                     /usr/lib/jvm/java-7-oracle/jre/lib/amd64/libverify.so
7f1753a87000-7f1753a8e000 r-xp 00000000 08:05 925363                     /lib/x86_64-linux-gnu/librt-2.19.so
7f1753a8e000-7f1753c8d000 ---p 00007000 08:05 925363                     /lib/x86_64-linux-gnu/librt-2.19.so
7f1753c8d000-7f1753c8e000 r--p 00006000 08:05 925363                     /lib/x86_64-linux-gnu/librt-2.19.so
7f1753c8e000-7f1753c8f000 rw-p 00007000 08:05 925363                     /lib/x86_64-linux-gnu/librt-2.19.so
7f1753c8f000-7f1753d94000 r-xp 00000000 08:05 925327                     /lib/x86_64-linux-gnu/libm-2.19.so
7f1753d94000-7f1753f93000 ---p 00105000 08:05 925327                     /lib/x86_64-linux-gnu/libm-2.19.so
7f1753f93000-7f1753f94000 r--p 00104000 08:05 925327                     /lib/x86_64-linux-gnu/libm-2.19.so
7f1753f94000-7f1753f95000 rw-p 00105000 08:05 925327                     /lib/x86_64-linux-gnu/libm-2.19.so
7f1753f95000-7f1754b0b000 r-xp 00000000 08:05 746758                     /usr/lib/jvm/java-7-oracle/jre/lib/amd64/server/libjvm.so
7f1754b0b000-7f1754d0a000 ---p 00b76000 08:05 746758                     /usr/lib/jvm/java-7-oracle/jre/lib/amd64/server/libjvm.so
7f1754d0a000-7f1754dce000 rw-p 00b75000 08:05 746758                     /usr/lib/jvm/java-7-oracle/jre/lib/amd64/server/libjvm.so
7f1754dce000-7f1754e0f000 rw-p 00000000 00:00 0 
7f1754e0f000-7f1754fca000 r-xp 00000000 08:05 925357                     /lib/x86_64-linux-gnu/libc-2.19.so
7f1754fca000-7f17551c9000 ---p 001bb000 08:05 925357                     /lib/x86_64-linux-gnu/libc-2.19.so
7f17551c9000-7f17551cd000 r--p 001ba000 08:05 925357                     /lib/x86_64-linux-gnu/libc-2.19.so
7f17551cd000-7f17551cf000 rw-p 001be000 08:05 925357                     /lib/x86_64-linux-gnu/libc-2.19.so
7f17551cf000-7f17551d4000 rw-p 00000000 00:00 0 
7f17551d4000-7f17551d7000 r-xp 00000000 08:05 925335                     /lib/x86_64-linux-gnu/libdl-2.19.so
7f17551d7000-7f17553d6000 ---p 00003000 08:05 925335                     /lib/x86_64-linux-gnu/libdl-2.19.so
7f17553d6000-7f17553d7000 r--p 00002000 08:05 925335                     /lib/x86_64-linux-gnu/libdl-2.19.so
7f17553d7000-7f17553d8000 rw-p 00003000 08:05 925335                     /lib/x86_64-linux-gnu/libdl-2.19.so
7f17553d8000-7f17553ed000 r-xp 00000000 08:05 748383                     /usr/lib/jvm/java-7-oracle/lib/amd64/jli/libjli.so
7f17553ed000-7f17555ec000 ---p 00015000 08:05 748383                     /usr/lib/jvm/java-7-oracle/lib/amd64/jli/libjli.so
7f17555ec000-7f17555ed000 rw-p 00014000 08:05 748383                     /usr/lib/jvm/java-7-oracle/lib/amd64/jli/libjli.so
7f17555ed000-7f1755606000 r-xp 00000000 08:05 925359                     /lib/x86_64-linux-gnu/libpthread-2.19.so
7f1755606000-7f1755805000 ---p 00019000 08:05 925359                     /lib/x86_64-linux-gnu/libpthread-2.19.so
7f1755805000-7f1755806000 r--p 00018000 08:05 925359                     /lib/x86_64-linux-gnu/libpthread-2.19.so
7f1755806000-7f1755807000 rw-p 00019000 08:05 925359                     /lib/x86_64-linux-gnu/libpthread-2.19.so
7f1755807000-7f175580b000 rw-p 00000000 00:00 0 
7f175580b000-7f175582e000 r-xp 00000000 08:05 925351                     /lib/x86_64-linux-gnu/ld-2.19.so
7f1755836000-7f1755845000 r--s 000df000 08:06 409554                     /home/bill/Android/Sdk/build-tools/23.0.1/lib/dx.jar
7f1755845000-7f175584f000 rw-p 00000000 00:00 0 
7f175584f000-7f1755905000 rw-p 00000000 00:00 0 
7f1755905000-7f1755908000 ---p 00000000 00:00 0 
7f1755908000-7f1755a21000 rw-p 00000000 00:00 0                          [stack:32444]
7f1755a21000-7f1755a29000 rw-s 00000000 08:05 830958                     /tmp/hsperfdata_bill/32442
7f1755a29000-7f1755a2a000 rw-p 00000000 00:00 0 
7f1755a2a000-7f1755a2b000 ---p 00000000 00:00 0 
7f1755a2b000-7f1755a2d000 rw-p 00000000 00:00 0 
7f1755a2d000-7f1755a2e000 r--p 00022000 08:05 925351                     /lib/x86_64-linux-gnu/ld-2.19.so
7f1755a2e000-7f1755a2f000 rw-p 00023000 08:05 925351                     /lib/x86_64-linux-gnu/ld-2.19.so
7f1755a2f000-7f1755a30000 rw-p 00000000 00:00 0 
7ffd4bf5d000-7ffd4bf7e000 rw-p 00000000 00:00 0                          [stack]
7ffd4bfd4000-7ffd4bfd6000 r-xp 00000000 00:00 0                          [vdso]
ffffffffff600000-ffffffffff601000 r-xp 00000000 00:00 0                  [vsyscall]

VM Arguments:
jvm_args: -Xmx1024M -Dfile.encoding=UTF-8 -Duser.country=US -Duser.language=en -Duser.variant 
java_command: com.android.dx.command.Main --dex --num-threads=4 --output /home/bill/MobileProto/Lab3/ScavangerHunt/app/build/intermediates/pre-dexed/debug/classes-88b0e774936d477e48cc2df4ebf5000089604eb9.jar /home/bill/MobileProto/Lab3/ScavangerHunt/app/build/intermediates/exploded-aar/com.google.android.gms/play-services-ads/8.1.0/jars/classes.jar
Launcher Type: SUN_STANDARD

Environment Variables:
JAVA_HOME=/usr/lib/jvm/java-7-oracle
PATH=/home/bill/bin:/usr/local/sbin:/usr/local/bin:/usr/sbin:/usr/bin:/sbin:/bin:/usr/games:/usr/local/games:/usr/lib/jvm/java-7-oracle/bin:/usr/lib/jvm/java-7-oracle/db/bin:/usr/lib/jvm/java-7-oracle/jre/bin:/opt/matlab/bin
SHELL=/bin/bash
DISPLAY=:0

Signal Handlers:
SIGSEGV: [libjvm.so+0x9a3b20], sa_mask[0]=0x7ffbfeff, sa_flags=0x10000004
SIGBUS: [libjvm.so+0x9a3b20], sa_mask[0]=0x7ffbfeff, sa_flags=0x10000004
SIGFPE: [libjvm.so+0x81e740], sa_mask[0]=0x7ffbfeff, sa_flags=0x10000004
SIGPIPE: [libjvm.so+0x81e740], sa_mask[0]=0x7ffbfeff, sa_flags=0x10000004
SIGXFSZ: [libjvm.so+0x81e740], sa_mask[0]=0x7ffbfeff, sa_flags=0x10000004
SIGILL: [libjvm.so+0x81e740], sa_mask[0]=0x7ffbfeff, sa_flags=0x10000004
SIGUSR1: SIG_DFL, sa_mask[0]=0x00000000, sa_flags=0x00000000
SIGUSR2: [libjvm.so+0x81ffb0], sa_mask[0]=0x00000004, sa_flags=0x10000004
SIGHUP: [libjvm.so+0x8210d0], sa_mask[0]=0x7ffbfeff, sa_flags=0x10000004
SIGINT: [libjvm.so+0x8210d0], sa_mask[0]=0x7ffbfeff, sa_flags=0x10000004
SIGTERM: [libjvm.so+0x8210d0], sa_mask[0]=0x7ffbfeff, sa_flags=0x10000004
SIGQUIT: [libjvm.so+0x8210d0], sa_mask[0]=0x7ffbfeff, sa_flags=0x10000004


---------------  S Y S T E M  ---------------

OS:jessie/sid

uname:Linux 3.13.0-65-generic #106-Ubuntu SMP Fri Oct 2 22:08:27 UTC 2015 x86_64
libc:glibc 2.19 NPTL 2.19 
rlimit: STACK 8192k, CORE 0k, NPROC 62957, NOFILE 4096, AS infinity
load average:29.49 10.11 4.66

/proc/meminfo:
MemTotal:        8080200 kB
MemFree:          105836 kB
Buffers:             108 kB
Cached:          1232460 kB
SwapCached:         4088 kB
Active:          6378304 kB
Inactive:        1281380 kB
Active(anon):    6376064 kB
Inactive(anon):  1268444 kB
Active(file):       2240 kB
Inactive(file):    12936 kB
Unevictable:         916 kB
Mlocked:             916 kB
SwapTotal:        498684 kB
SwapFree:              0 kB
Dirty:                72 kB
Writeback:             0 kB
AnonPages:       6424952 kB
Mapped:           584184 kB
Shmem:           1216224 kB
Slab:              98796 kB
SReclaimable:      44456 kB
SUnreclaim:        54340 kB
KernelStack:        7720 kB
PageTables:        80288 kB
NFS_Unstable:          0 kB
Bounce:                0 kB
WritebackTmp:          0 kB
CommitLimit:     4538784 kB
Committed_AS:   18203008 kB
VmallocTotal:   34359738367 kB
VmallocUsed:      375052 kB
VmallocChunk:   34359286892 kB
HardwareCorrupted:     0 kB
AnonHugePages:    755712 kB
HugePages_Total:       0
HugePages_Free:        0
HugePages_Rsvd:        0
HugePages_Surp:        0
Hugepagesize:       2048 kB
DirectMap4k:      122576 kB
DirectMap2M:     6072320 kB
DirectMap1G:     2097152 kB


CPU:total 4 (2 cores per cpu, 2 threads per core) family 6 model 60 stepping 3, cmov, cx8, fxsr, mmx, sse, sse2, sse3, ssse3, sse4.1, sse4.2, popcnt, avx, avx2, aes, erms, ht, tsc, tscinvbit

/proc/cpuinfo:
processor	: 0
vendor_id	: GenuineIntel
cpu family	: 6
model		: 60
model name	: Intel(R) Core(TM) i7-4610M CPU @ 3.00GHz
stepping	: 3
microcode	: 0x17
cpu MHz		: 3001.000
cache size	: 4096 KB
physical id	: 0
siblings	: 4
core id		: 0
cpu cores	: 2
apicid		: 0
initial apicid	: 0
fpu		: yes
fpu_exception	: yes
cpuid level	: 13
wp		: yes
flags		: fpu vme de pse tsc msr pae mce cx8 apic sep mtrr pge mca cmov pat pse36 clflush dts acpi mmx fxsr sse sse2 ss ht tm pbe syscall nx pdpe1gb rdtscp lm constant_tsc arch_perfmon pebs bts rep_good nopl xtopology nonstop_tsc aperfmperf eagerfpu pni pclmulqdq dtes64 monitor ds_cpl vmx smx est tm2 ssse3 fma cx16 xtpr pdcm pcid sse4_1 sse4_2 x2apic movbe popcnt tsc_deadline_timer aes xsave avx f16c rdrand lahf_lm abm ida arat epb xsaveopt pln pts dtherm tpr_shadow vnmi flexpriority ept vpid fsgsbase tsc_adjust bmi1 hle avx2 smep bmi2 erms invpcid rtm
bogomips	: 5986.25
clflush size	: 64
cache_alignment	: 64
address sizes	: 39 bits physical, 48 bits virtual
power management:

processor	: 1
vendor_id	: GenuineIntel
cpu family	: 6
model		: 60
model name	: Intel(R) Core(TM) i7-4610M CPU @ 3.00GHz
stepping	: 3
microcode	: 0x17
cpu MHz		: 3001.000
cache size	: 4096 KB
physical id	: 0
siblings	: 4
core id		: 1
cpu cores	: 2
apicid		: 2
initial apicid	: 2
fpu		: yes
fpu_exception	: yes
cpuid level	: 13
wp		: yes
flags		: fpu vme de pse tsc msr pae mce cx8 apic sep mtrr pge mca cmov pat pse36 clflush dts acpi mmx fxsr sse sse2 ss ht tm pbe syscall nx pdpe1gb rdtscp lm constant_tsc arch_perfmon pebs bts rep_good nopl xtopology nonstop_tsc aperfmperf eagerfpu pni pclmulqdq dtes64 monitor ds_cpl vmx smx est tm2 ssse3 fma cx16 xtpr pdcm pcid sse4_1 sse4_2 x2apic movbe popcnt tsc_deadline_timer aes xsave avx f16c rdrand lahf_lm abm ida arat epb xsaveopt pln pts dtherm tpr_shadow vnmi flexpriority ept vpid fsgsbase tsc_adjust bmi1 hle avx2 smep bmi2 erms invpcid rtm
bogomips	: 5986.25
clflush size	: 64
cache_alignment	: 64
address sizes	: 39 bits physical, 48 bits virtual
power management:

processor	: 2
vendor_id	: GenuineIntel
cpu family	: 6
model		: 60
model name	: Intel(R) Core(TM) i7-4610M CPU @ 3.00GHz
stepping	: 3
microcode	: 0x17
cpu MHz		: 3001.000
cache size	: 4096 KB
physical id	: 0
siblings	: 4
core id		: 0
cpu cores	: 2
apicid		: 1
initial apicid	: 1
fpu		: yes
fpu_exception	: yes
cpuid level	: 13
wp		: yes
flags		: fpu vme de pse tsc msr pae mce cx8 apic sep mtrr pge mca cmov pat pse36 clflush dts acpi mmx fxsr sse sse2 ss ht tm pbe syscall nx pdpe1gb rdtscp lm constant_tsc arch_perfmon pebs bts rep_good nopl xtopology nonstop_tsc aperfmperf eagerfpu pni pclmulqdq dtes64 monitor ds_cpl vmx smx est tm2 ssse3 fma cx16 xtpr pdcm pcid sse4_1 sse4_2 x2apic movbe popcnt tsc_deadline_timer aes xsave avx f16c rdrand lahf_lm abm ida arat epb xsaveopt pln pts dtherm tpr_shadow vnmi flexpriority ept vpid fsgsbase tsc_adjust bmi1 hle avx2 smep bmi2 erms invpcid rtm
bogomips	: 5986.25
clflush size	: 64
cache_alignment	: 64
address sizes	: 39 bits physical, 48 bits virtual
power management:

processor	: 3
vendor_id	: GenuineIntel
cpu family	: 6
model		: 60
model name	: Intel(R) Core(TM) i7-4610M CPU @ 3.00GHz
stepping	: 3
microcode	: 0x17
cpu MHz		: 3001.000
cache size	: 4096 KB
physical id	: 0
siblings	: 4
core id		: 1
cpu cores	: 2
apicid		: 3
initial apicid	: 3
fpu		: yes
fpu_exception	: yes
cpuid level	: 13
wp		: yes
flags		: fpu vme de pse tsc msr pae mce cx8 apic sep mtrr pge mca cmov pat pse36 clflush dts acpi mmx fxsr sse sse2 ss ht tm pbe syscall nx pdpe1gb rdtscp lm constant_tsc arch_perfmon pebs bts rep_good nopl xtopology nonstop_tsc aperfmperf eagerfpu pni pclmulqdq dtes64 monitor ds_cpl vmx smx est tm2 ssse3 fma cx16 xtpr pdcm pcid sse4_1 sse4_2 x2apic movbe popcnt tsc_deadline_timer aes xsave avx f16c rdrand lahf_lm abm ida arat epb xsaveopt pln pts dtherm tpr_shadow vnmi flexpriority ept vpid fsgsbase tsc_adjust bmi1 hle avx2 smep bmi2 erms invpcid rtm
bogomips	: 5986.25
clflush size	: 64
cache_alignment	: 64
address sizes	: 39 bits physical, 48 bits virtual
power management:



Memory: 4k page, physical 8080200k(112364k free), swap 498684k(0k free)

vm_info: Java HotSpot(TM) 64-Bit Server VM (24.80-b11) for linux-amd64 JRE (1.7.0_80-b15), built on Apr 10 2015 19:53:14 by "java_re" with gcc 4.3.0 20080428 (Red Hat 4.3.0-8)

time: Tue Oct 13 19:19:01 2015
elapsed time: 56 seconds

