#
# There is insufficient memory for the Java Runtime Environment to continue.
# Native memory allocation (malloc) failed to allocate 87031808 bytes for committing reserved memory.
# Possible reasons:
#   The system is out of physical RAM or swap space
#   In 32 bit mode, the process size limit was hit
# Possible solutions:
#   Reduce memory load on the system
#   Increase physical memory or swap space
#   Check if swap backing store is full
#   Use 64 bit Java on a 64 bit OS
#   Decrease Java heap size (-Xmx/-Xms)
#   Decrease number of Java threads
#   Decrease Java thread stack sizes (-Xss)
#   Set larger code cache with -XX:ReservedCodeCacheSize=
# This output file may be truncated or incomplete.
#
#  Out of Memory Error (os_linux.cpp:2756), pid=1595, tid=140247537243904
#
# JRE version: Java(TM) SE Runtime Environment (7.0_80-b15) (build 1.7.0_80-b15)
# Java VM: Java HotSpot(TM) 64-Bit Server VM (24.80-b11 mixed mode linux-amd64 compressed oops)
# Failed to write core dump. Core dumps have been disabled. To enable core dumping, try "ulimit -c unlimited" before starting Java again
#

---------------  T H R E A D  ---------------

Current thread (0x00007f8df806a000):  VMThread [stack: 0x00007f8dec935000,0x00007f8deca36000] [id=1643]

Stack: [0x00007f8dec935000,0x00007f8deca36000],  sp=0x00007f8deca33fc0,  free space=1019k
Native frames: (J=compiled Java code, j=interpreted, Vv=VM code, C=native code)
V  [libjvm.so+0x9a320a]  VMError::report_and_die()+0x2ea
V  [libjvm.so+0x498d3b]  report_vm_out_of_memory(char const*, int, unsigned long, char const*)+0x9b
V  [libjvm.so+0x82191e]  os::Linux::commit_memory_impl(char*, unsigned long, bool)+0xfe
V  [libjvm.so+0x821e69]  os::pd_commit_memory(char*, unsigned long, unsigned long, bool)+0x29
V  [libjvm.so+0x81bb6a]  os::commit_memory(char*, unsigned long, unsigned long, bool)+0x2a
V  [libjvm.so+0x88d623]  PSVirtualSpace::expand_by(unsigned long)+0x53
V  [libjvm.so+0x88e9f8]  PSYoungGen::resize_generation(unsigned long, unsigned long)+0xf8
V  [libjvm.so+0x88db62]  PSYoungGen::resize(unsigned long, unsigned long)+0x22
V  [libjvm.so+0x88af1d]  PSScavenge::invoke_no_policy()+0xf3d
V  [libjvm.so+0x88b761]  PSScavenge::invoke()+0x41
V  [libjvm.so+0x843f40]  ParallelScavengeHeap::failed_mem_allocate(unsigned long)+0x70
V  [libjvm.so+0x9a4a97]  VM_ParallelGCFailedAllocation::doit()+0x97
V  [libjvm.so+0x9abf35]  VM_Operation::evaluate()+0x55
V  [libjvm.so+0x9aa2fa]  VMThread::evaluate_operation(VM_Operation*)+0xba
V  [libjvm.so+0x9aa67e]  VMThread::loop()+0x1ce
V  [libjvm.so+0x9aaaf0]  VMThread::run()+0x70
V  [libjvm.so+0x8238c8]  java_start(Thread*)+0x108

VM_Operation (0x00007f8dd72cccf0): ParallelGCFailedAllocation, mode: safepoint, requested by thread 0x00007f8df8162800


---------------  P R O C E S S  ---------------

Java Threads: ( => current thread )
  0x00007f8df8162800 JavaThread "pool-1-thread-4" [_thread_blocked, id=1690, stack(0x00007f8dd71ce000,0x00007f8dd72cf000)]
  0x00007f8df8156000 JavaThread "pool-1-thread-3" [_thread_blocked, id=1689, stack(0x00007f8dd72cf000,0x00007f8dd73d0000)]
  0x00007f8df8154800 JavaThread "pool-1-thread-2" [_thread_blocked, id=1688, stack(0x00007f8dd73d0000,0x00007f8dd74d1000)]
  0x00007f8df8153800 JavaThread "pool-2-thread-1" [_thread_blocked, id=1686, stack(0x00007f8dd74d1000,0x00007f8dd75d2000)]
  0x00007f8df8151000 JavaThread "pool-1-thread-1" [_thread_blocked, id=1685, stack(0x00007f8dd75d2000,0x00007f8dd76d3000)]
  0x00007f8df8099000 JavaThread "Service Thread" daemon [_thread_blocked, id=1670, stack(0x00007f8dd7bfc000,0x00007f8dd7cfd000)]
  0x00007f8df8096800 JavaThread "C2 CompilerThread1" daemon [_thread_blocked, id=1669, stack(0x00007f8dd7cfd000,0x00007f8dd7dfe000)]
  0x00007f8df8093800 JavaThread "C2 CompilerThread0" daemon [_thread_blocked, id=1668, stack(0x00007f8dd7dfe000,0x00007f8dd7eff000)]
  0x00007f8df8091800 JavaThread "Signal Dispatcher" daemon [_thread_blocked, id=1655, stack(0x00007f8dd7eff000,0x00007f8dd8000000)]
  0x00007f8df8070800 JavaThread "Finalizer" daemon [_thread_blocked, id=1651, stack(0x00007f8dec733000,0x00007f8dec834000)]
  0x00007f8df806e000 JavaThread "Reference Handler" daemon [_thread_blocked, id=1645, stack(0x00007f8dec834000,0x00007f8dec935000)]
  0x00007f8df800a000 JavaThread "main" [_thread_blocked, id=1610, stack(0x00007f8dfe67d000,0x00007f8dfe77e000)]

Other Threads:
=>0x00007f8df806a000 VMThread [stack: 0x00007f8dec935000,0x00007f8deca36000] [id=1643]
  0x00007f8df80a3800 WatcherThread [stack: 0x00007f8dd7afb000,0x00007f8dd7bfc000] [id=1671]

VM state:at safepoint (normal execution)

VM Mutex/Monitor currently owned by a thread:  ([mutex/lock_event])
[0x00007f8df8006500] Threads_lock - owner thread: 0x00007f8df806a000
[0x00007f8df8006a00] Heap_lock - owner thread: 0x00007f8df8162800

Heap
 PSYoungGen      total 69632K, used 5108K [0x00000000eaa80000, 0x00000000ef380000, 0x0000000100000000)
  eden space 64512K, 0% used [0x00000000eaa80000,0x00000000eaa80000,0x00000000ee980000)
  from space 5120K, 99% used [0x00000000ee980000,0x00000000eee7d168,0x00000000eee80000)
  to   space 5120K, 0% used [0x00000000eee80000,0x00000000eee80000,0x00000000ef380000)
 ParOldGen       total 83968K, used 27369K [0x00000000c0000000, 0x00000000c5200000, 0x00000000eaa80000)
  object space 83968K, 32% used [0x00000000c0000000,0x00000000c1aba458,0x00000000c5200000)
 PSPermGen       total 21504K, used 5802K [0x00000000bae00000, 0x00000000bc300000, 0x00000000c0000000)
  object space 21504K, 26% used [0x00000000bae00000,0x00000000bb3aaae8,0x00000000bc300000)

Card table byte_map: [0x00007f8df458c000,0x00007f8df47b6000] byte_map_base: 0x00007f8df3fb5000

Polling page: 0x00007f8dfe7a2000

Code Cache  [0x00007f8df47b6000, 0x00007f8df4a26000, 0x00007f8df77b6000)
 total_blobs=480 nmethods=250 adapters=183 free_code_cache=48046Kb largest_free_block=49145984

Compilation events (10 events):
Event: 10.309 Thread 0x00007f8df8096800 nmethod 251 0x00007f8df482ddd0 code [0x00007f8df482df20, 0x00007f8df482e0f8]
Event: 10.309 Thread 0x00007f8df8096800  252             com.android.dx.util.BitIntSet::<init> (13 bytes)
Event: 10.310 Thread 0x00007f8df8096800 nmethod 252 0x00007f8df4825b50 code [0x00007f8df4825ca0, 0x00007f8df4825db8]
Event: 10.310 Thread 0x00007f8df8096800  253             java.lang.AbstractStringBuilder::ensureCapacityInternal (16 bytes)
Event: 10.323 Thread 0x00007f8df8096800 nmethod 253 0x00007f8df482d590 code [0x00007f8df482d6e0, 0x00007f8df482d958]
Event: 10.323 Thread 0x00007f8df8096800  254             com.android.dx.dex.code.CodeAddress::<init> (11 bytes)
Event: 10.324 Thread 0x00007f8df8096800 nmethod 254 0x00007f8df482d2d0 code [0x00007f8df482d420, 0x00007f8df482d4b8]
Event: 10.324 Thread 0x00007f8df8096800  255             com.android.dx.cf.code.Frame::getStack (5 bytes)
Event: 10.333 Thread 0x00007f8df8096800 nmethod 255 0x00007f8df4825950 code [0x00007f8df4825a80, 0x00007f8df4825ad8]
Event: 10.333 Thread 0x00007f8df8096800  256   !         com.android.dx.cf.code.Ropper::processBlock (1101 bytes)

GC Heap History (9 events):
Event: 2.332 GC heap before
{Heap before GC invocations=1 (full 0):
 PSYoungGen      total 37376K, used 32256K [0x00000000eaa80000, 0x00000000ed400000, 0x0000000100000000)
  eden space 32256K, 100% used [0x00000000eaa80000,0x00000000eca00000,0x00000000eca00000)
  from space 5120K, 0% used [0x00000000ecf00000,0x00000000ecf00000,0x00000000ed400000)
  to   space 5120K, 0% used [0x00000000eca00000,0x00000000eca00000,0x00000000ecf00000)
 ParOldGen       total 83968K, used 0K [0x00000000c0000000, 0x00000000c5200000, 0x00000000eaa80000)
  object space 83968K, 0% used [0x00000000c0000000,0x00000000c0000000,0x00000000c5200000)
 PSPermGen       total 21504K, used 5639K [0x00000000bae00000, 0x00000000bc300000, 0x00000000c0000000)
  object space 21504K, 26% used [0x00000000bae00000,0x00000000bb381db8,0x00000000bc300000)
Event: 2.350 GC heap after
Heap after GC invocations=1 (full 0):
 PSYoungGen      total 37376K, used 5111K [0x00000000eaa80000, 0x00000000ed400000, 0x0000000100000000)
  eden space 32256K, 0% used [0x00000000eaa80000,0x00000000eaa80000,0x00000000eca00000)
  from space 5120K, 99% used [0x00000000eca00000,0x00000000ecefdc88,0x00000000ecf00000)
  to   space 5120K, 0% used [0x00000000ecf00000,0x00000000ecf00000,0x00000000ed400000)
 ParOldGen       total 83968K, used 1807K [0x00000000c0000000, 0x00000000c5200000, 0x00000000eaa80000)
  object space 83968K, 2% used [0x00000000c0000000,0x00000000c01c3c70,0x00000000c5200000)
 PSPermGen       total 21504K, used 5639K [0x00000000bae00000, 0x00000000bc300000, 0x00000000c0000000)
  object space 21504K, 26% used [0x00000000bae00000,0x00000000bb381db8,0x00000000bc300000)
}
Event: 4.653 GC heap before
{Heap before GC invocations=2 (full 0):
 PSYoungGen      total 37376K, used 37367K [0x00000000eaa80000, 0x00000000ed400000, 0x0000000100000000)
  eden space 32256K, 100% used [0x00000000eaa80000,0x00000000eca00000,0x00000000eca00000)
  from space 5120K, 99% used [0x00000000eca00000,0x00000000ecefdc88,0x00000000ecf00000)
  to   space 5120K, 0% used [0x00000000ecf00000,0x00000000ecf00000,0x00000000ed400000)
 ParOldGen       total 83968K, used 1807K [0x00000000c0000000, 0x00000000c5200000, 0x00000000eaa80000)
  object space 83968K, 2% used [0x00000000c0000000,0x00000000c01c3c70,0x00000000c5200000)
 PSPermGen       total 21504K, used 5709K [0x00000000bae00000, 0x00000000bc300000, 0x00000000c0000000)
  object space 21504K, 26% used [0x00000000bae00000,0x00000000bb3934a8,0x00000000bc300000)
Event: 4.713 GC heap after
Heap after GC invocations=2 (full 0):
 PSYoungGen      total 37376K, used 5114K [0x00000000eaa80000, 0x00000000ef380000, 0x0000000100000000)
  eden space 32256K, 0% used [0x00000000eaa80000,0x00000000eaa80000,0x00000000eca00000)
  from space 5120K, 99% used [0x00000000ecf00000,0x00000000ed3feac8,0x00000000ed400000)
  to   space 5120K, 0% used [0x00000000eca00000,0x00000000eca00000,0x00000000ecf00000)
 ParOldGen       total 83968K, used 7157K [0x00000000c0000000, 0x00000000c5200000, 0x00000000eaa80000)
  object space 83968K, 8% used [0x00000000c0000000,0x00000000c06fd4e0,0x00000000c5200000)
 PSPermGen       total 21504K, used 5709K [0x00000000bae00000, 0x00000000bc300000, 0x00000000c0000000)
  object space 21504K, 26% used [0x00000000bae00000,0x00000000bb3934a8,0x00000000bc300000)
}
Event: 6.493 GC heap before
{Heap before GC invocations=3 (full 0):
 PSYoungGen      total 37376K, used 37370K [0x00000000eaa80000, 0x00000000ef380000, 0x0000000100000000)
  eden space 32256K, 100% used [0x00000000eaa80000,0x00000000eca00000,0x00000000eca00000)
  from space 5120K, 99% used [0x00000000ecf00000,0x00000000ed3feac8,0x00000000ed400000)
  to   space 5120K, 0% used [0x00000000eca00000,0x00000000eca00000,0x00000000ecf00000)
 ParOldGen       total 83968K, used 7157K [0x00000000c0000000, 0x00000000c5200000, 0x00000000eaa80000)
  object space 83968K, 8% used [0x00000000c0000000,0x00000000c06fd4e0,0x00000000c5200000)
 PSPermGen       total 21504K, used 5735K [0x00000000bae00000, 0x00000000bc300000, 0x00000000c0000000)
  object space 21504K, 26% used [0x00000000bae00000,0x00000000bb399dc8,0x00000000bc300000)
Event: 6.555 GC heap after
Heap after GC invocations=3 (full 0):
 PSYoungGen      total 37376K, used 5108K [0x00000000eaa80000, 0x00000000ef380000, 0x0000000100000000)
  eden space 32256K, 0% used [0x00000000eaa80000,0x00000000eaa80000,0x00000000eca00000)
  from space 5120K, 99% used [0x00000000eca00000,0x00000000ecefd168,0x00000000ecf00000)
  to   space 5120K, 0% used [0x00000000eee80000,0x00000000eee80000,0x00000000ef380000)
 ParOldGen       total 83968K, used 12605K [0x00000000c0000000, 0x00000000c5200000, 0x00000000eaa80000)
  object space 83968K, 15% used [0x00000000c0000000,0x00000000c0c4f608,0x00000000c5200000)
 PSPermGen       total 21504K, used 5735K [0x00000000bae00000, 0x00000000bc300000, 0x00000000c0000000)
  object space 21504K, 26% used [0x00000000bae00000,0x00000000bb399dc8,0x00000000bc300000)
}
Event: 8.260 GC heap before
{Heap before GC invocations=4 (full 0):
 PSYoungGen      total 37376K, used 37364K [0x00000000eaa80000, 0x00000000ef380000, 0x0000000100000000)
  eden space 32256K, 100% used [0x00000000eaa80000,0x00000000eca00000,0x00000000eca00000)
  from space 5120K, 99% used [0x00000000eca00000,0x00000000ecefd168,0x00000000ecf00000)
  to   space 5120K, 0% used [0x00000000eee80000,0x00000000eee80000,0x00000000ef380000)
 ParOldGen       total 83968K, used 12605K [0x00000000c0000000, 0x00000000c5200000, 0x00000000eaa80000)
  object space 83968K, 15% used [0x00000000c0000000,0x00000000c0c4f608,0x00000000c5200000)
 PSPermGen       total 21504K, used 5765K [0x00000000bae00000, 0x00000000bc300000, 0x00000000c0000000)
  object space 21504K, 26% used [0x00000000bae00000,0x00000000bb3a17d8,0x00000000bc300000)
Event: 8.317 GC heap after
Heap after GC invocations=4 (full 0):
 PSYoungGen      total 69632K, used 5088K [0x00000000eaa80000, 0x00000000ef380000, 0x0000000100000000)
  eden space 64512K, 0% used [0x00000000eaa80000,0x00000000eaa80000,0x00000000ee980000)
  from space 5120K, 99% used [0x00000000eee80000,0x00000000ef378028,0x00000000ef380000)
  to   space 5120K, 0% used [0x00000000ee980000,0x00000000ee980000,0x00000000eee80000)
 ParOldGen       total 83968K, used 17820K [0x00000000c0000000, 0x00000000c5200000, 0x00000000eaa80000)
  object space 83968K, 21% used [0x00000000c0000000,0x00000000c1167270,0x00000000c5200000)
 PSPermGen       total 21504K, used 5765K [0x00000000bae00000, 0x00000000bc300000, 0x00000000c0000000)
  object space 21504K, 26% used [0x00000000bae00000,0x00000000bb3a17d8,0x00000000bc300000)
}
Event: 12.453 GC heap before
{Heap before GC invocations=5 (full 0):
 PSYoungGen      total 69632K, used 69600K [0x00000000eaa80000, 0x00000000ef380000, 0x0000000100000000)
  eden space 64512K, 100% used [0x00000000eaa80000,0x00000000ee980000,0x00000000ee980000)
  from space 5120K, 99% used [0x00000000eee80000,0x00000000ef378028,0x00000000ef380000)
  to   space 5120K, 0% used [0x00000000ee980000,0x00000000ee980000,0x00000000eee80000)
 ParOldGen       total 83968K, used 17820K [0x00000000c0000000, 0x00000000c5200000, 0x00000000eaa80000)
  object space 83968K, 21% used [0x00000000c0000000,0x00000000c1167270,0x00000000c5200000)
 PSPermGen       total 21504K, used 5802K [0x00000000bae00000, 0x00000000bc300000, 0x00000000c0000000)
  object space 21504K, 26% used [0x00000000bae00000,0x00000000bb3aaae8,0x00000000bc300000)

Deoptimization events (10 events):
Event: 5.972 Thread 0x00007f8df800a000 Uncommon trap: reason=unstable_if action=reinterpret pc=0x00007f8df4862f24 method=com.android.dx.ssa.NormalSsaInsn.getLocalAssignment()Lcom/android/dx/rop/code/RegisterSpec; @ 12
Event: 5.972 Thread 0x00007f8df800a000 Uncommon trap: reason=unstable_if action=reinterpret pc=0x00007f8df484d41c method=com.android.dx.ssa.NormalSsaInsn.getLocalAssignment()Lcom/android/dx/rop/code/RegisterSpec; @ 12
Event: 5.972 Thread 0x00007f8df800a000 Uncommon trap: reason=unstable_if action=reinterpret pc=0x00007f8df485415c method=com.android.dx.ssa.NormalSsaInsn.getLocalAssignment()Lcom/android/dx/rop/code/RegisterSpec; @ 12
Event: 5.972 Thread 0x00007f8df800a000 Uncommon trap: reason=unstable_if action=reinterpret pc=0x00007f8df486195c method=com.android.dx.ssa.NormalSsaInsn.getLocalAssignment()Lcom/android/dx/rop/code/RegisterSpec; @ 12
Event: 5.973 Thread 0x00007f8df800a000 Uncommon trap: reason=unstable_if action=reinterpret pc=0x00007f8df48524c0 method=com.android.dx.ssa.NormalSsaInsn.getLocalAssignment()Lcom/android/dx/rop/code/RegisterSpec; @ 12
Event: 8.456 Thread 0x00007f8df8151000 Uncommon trap: reason=unstable_if action=reinterpret pc=0x00007f8df4894370 method=com.android.dx.ssa.Dominators.run()V @ 346
Event: 8.717 Thread 0x00007f8df800a000 Uncommon trap: reason=unstable_if action=reinterpret pc=0x00007f8df4889974 method=com.android.dx.util.IntList.binarysearch(I)I @ 105
Event: 9.093 Thread 0x00007f8df800a000 Uncommon trap: reason=null_check action=make_not_entrant pc=0x00007f8df48a9d74 method=com.android.dx.rop.type.Type.putIntern(Lcom/android/dx/rop/type/Type;)Lcom/android/dx/rop/type/Type; @ 18
Event: 11.996 Thread 0x00007f8df8156000 Uncommon trap: reason=unstable_if action=reinterpret pc=0x00007f8df484cd34 method=com.android.dx.util.IntList.binarysearch(I)I @ 105
Event: 12.254 Thread 0x00007f8df8154800 Uncommon trap: reason=null_check action=make_not_entrant pc=0x00007f8df4845594 method=com.android.dx.rop.type.Type.equals(Ljava/lang/Object;)Z @ 8

Internal exceptions (10 events):
Event: 1.224 Thread 0x00007f8df8151000 Threw 0x00000000eb4baa68 at /HUDSON/workspace/7u-2-build-linux-amd64/jdk7u80/2329/hotspot/src/share/vm/prims/jvm.cpp:1319
Event: 1.540 Thread 0x00007f8df8154800 Implicit null exception at 0x00007f8df483d831 to 0x00007f8df483da69
Event: 1.544 Thread 0x00007f8df800a000 Threw 0x00000000ebbee890 at /HUDSON/workspace/7u-2-build-linux-amd64/jdk7u80/2329/hotspot/src/share/vm/prims/jvm.cpp:1319
Event: 1.545 Thread 0x00007f8df800a000 Threw 0x00000000ebbf85f0 at /HUDSON/workspace/7u-2-build-linux-amd64/jdk7u80/2329/hotspot/src/share/vm/prims/jvm.cpp:1319
Event: 1.545 Thread 0x00007f8df800a000 Threw 0x00000000ebbfa838 at /HUDSON/workspace/7u-2-build-linux-amd64/jdk7u80/2329/hotspot/src/share/vm/prims/jvm.cpp:1319
Event: 3.177 Thread 0x00007f8df800a000 Threw 0x00000000eb80d260 at /HUDSON/workspace/7u-2-build-linux-amd64/jdk7u80/2329/hotspot/src/share/vm/prims/jvm.cpp:1319
Event: 6.031 Thread 0x00007f8df8162800 Threw 0x00000000ebef00b8 at /HUDSON/workspace/7u-2-build-linux-amd64/jdk7u80/2329/hotspot/src/share/vm/prims/jvm.cpp:1319
Event: 7.194 Thread 0x00007f8df800a000 Threw 0x00000000eb70fc80 at /HUDSON/workspace/7u-2-build-linux-amd64/jdk7u80/2329/hotspot/src/share/vm/prims/jvm.cpp:1319
Event: 9.093 Thread 0x00007f8df800a000 Implicit null exception at 0x00007f8df48a956f to 0x00007f8df48a9d65
Event: 12.218 Thread 0x00007f8df8154800 Implicit null exception at 0x00007f8df4845492 to 0x00007f8df4845586

Events (10 events):
Event: 10.127 Thread 0x00007f8df8096800 flushing nmethod 0x00007f8df482ddd0
Event: 10.281 Thread 0x00007f8df8096800 flushing nmethod 0x00007f8df483a310
Event: 10.281 Thread 0x00007f8df8096800 flushing nmethod 0x00007f8df483d390
Event: 11.985 Thread 0x00007f8df8156000 Uncommon trap: trap_request=0xffffff75 fr.pc=0x00007f8df484cd34
Event: 11.996 Thread 0x00007f8df8156000 DEOPT PACKING pc=0x00007f8df484cd34 sp=0x00007f8dd73ce000
Event: 11.996 Thread 0x00007f8df8156000 DEOPT UNPACKING pc=0x00007f8df47ef445 sp=0x00007f8dd73cdfa8 mode 2
Event: 12.254 Thread 0x00007f8df8154800 Uncommon trap: trap_request=0xfffffff4 fr.pc=0x00007f8df4845594
Event: 12.254 Thread 0x00007f8df8154800 DEOPT PACKING pc=0x00007f8df4845594 sp=0x00007f8dd74ced30
Event: 12.270 Executing VM operation: ParallelGCFailedAllocation
Event: 12.284 Thread 0x00007f8df8154800 DEOPT UNPACKING pc=0x00007f8df47ef445 sp=0x00007f8dd74cece8 mode 2


Dynamic libraries:
00400000-00401000 r-xp 00000000 08:05 522921                             /usr/lib/jvm/java-7-oracle/bin/java
00600000-00601000 rw-p 00000000 08:05 522921                             /usr/lib/jvm/java-7-oracle/bin/java
00801000-00822000 rw-p 00000000 00:00 0                                  [heap]
bae00000-bc300000 rw-p 00000000 00:00 0 
bc300000-c0000000 rw-p 00000000 00:00 0 
c0000000-c5200000 rw-p 00000000 00:00 0 
c5200000-eaa80000 rw-p 00000000 00:00 0 
eaa80000-ef380000 rw-p 00000000 00:00 0 
f4680000-100000000 rw-p 00000000 00:00 0 
7f8da4000000-7f8da4021000 rw-p 00000000 00:00 0 
7f8da4021000-7f8da8000000 ---p 00000000 00:00 0 
7f8dac000000-7f8dac024000 rw-p 00000000 00:00 0 
7f8dac024000-7f8db0000000 ---p 00000000 00:00 0 
7f8db0000000-7f8db0026000 rw-p 00000000 00:00 0 
7f8db0026000-7f8db4000000 ---p 00000000 00:00 0 
7f8db4000000-7f8db4021000 rw-p 00000000 00:00 0 
7f8db4021000-7f8db8000000 ---p 00000000 00:00 0 
7f8db8000000-7f8db802a000 rw-p 00000000 00:00 0 
7f8db802a000-7f8dbc000000 ---p 00000000 00:00 0 
7f8dbc000000-7f8dbc021000 rw-p 00000000 00:00 0 
7f8dbc021000-7f8dc0000000 ---p 00000000 00:00 0 
7f8dc0000000-7f8dc0021000 rw-p 00000000 00:00 0 
7f8dc0021000-7f8dc4000000 ---p 00000000 00:00 0 
7f8dc4000000-7f8dc59fa000 rw-p 00000000 00:00 0 
7f8dc59fa000-7f8dc8000000 ---p 00000000 00:00 0 
7f8dc8000000-7f8dc93f3000 rw-p 00000000 00:00 0 
7f8dc93f3000-7f8dcc000000 ---p 00000000 00:00 0 
7f8dcc000000-7f8dcc021000 rw-p 00000000 00:00 0 
7f8dcc021000-7f8dd0000000 ---p 00000000 00:00 0 
7f8dd0000000-7f8dd0021000 rw-p 00000000 00:00 0 
7f8dd0021000-7f8dd4000000 ---p 00000000 00:00 0 
7f8dd71ce000-7f8dd71d1000 ---p 00000000 00:00 0 
7f8dd71d1000-7f8dd72cf000 rw-p 00000000 00:00 0                          [stack:1690]
7f8dd72cf000-7f8dd72d2000 ---p 00000000 00:00 0 
7f8dd72d2000-7f8dd73d0000 rw-p 00000000 00:00 0                          [stack:1689]
7f8dd73d0000-7f8dd73d3000 ---p 00000000 00:00 0 
7f8dd73d3000-7f8dd74d1000 rw-p 00000000 00:00 0                          [stack:1688]
7f8dd74d1000-7f8dd74d4000 ---p 00000000 00:00 0 
7f8dd74d4000-7f8dd75d2000 rw-p 00000000 00:00 0                          [stack:1686]
7f8dd75d2000-7f8dd75d5000 ---p 00000000 00:00 0 
7f8dd75d5000-7f8dd76d3000 rw-p 00000000 00:00 0                          [stack:1685]
7f8dd76d3000-7f8dd76ea000 r-xp 00000000 08:05 746754                     /usr/lib/jvm/java-7-oracle/jre/lib/amd64/libnet.so
7f8dd76ea000-7f8dd78e9000 ---p 00017000 08:05 746754                     /usr/lib/jvm/java-7-oracle/jre/lib/amd64/libnet.so
7f8dd78e9000-7f8dd78ea000 rw-p 00016000 08:05 746754                     /usr/lib/jvm/java-7-oracle/jre/lib/amd64/libnet.so
7f8dd78ea000-7f8dd78fa000 r-xp 00000000 08:05 746733                     /usr/lib/jvm/java-7-oracle/jre/lib/amd64/libnio.so
7f8dd78fa000-7f8dd7afa000 ---p 00010000 08:05 746733                     /usr/lib/jvm/java-7-oracle/jre/lib/amd64/libnio.so
7f8dd7afa000-7f8dd7afb000 rw-p 00010000 08:05 746733                     /usr/lib/jvm/java-7-oracle/jre/lib/amd64/libnio.so
7f8dd7afb000-7f8dd7afc000 ---p 00000000 00:00 0 
7f8dd7afc000-7f8dd7bfc000 rw-p 00000000 00:00 0                          [stack:1671]
7f8dd7bfc000-7f8dd7bff000 ---p 00000000 00:00 0 
7f8dd7bff000-7f8dd7cfd000 rw-p 00000000 00:00 0                          [stack:1670]
7f8dd7cfd000-7f8dd7d00000 ---p 00000000 00:00 0 
7f8dd7d00000-7f8dd7dfe000 rw-p 00000000 00:00 0                          [stack:1669]
7f8dd7dfe000-7f8dd7e01000 ---p 00000000 00:00 0 
7f8dd7e01000-7f8dd7eff000 rw-p 00000000 00:00 0                          [stack:1668]
7f8dd7eff000-7f8dd7f02000 ---p 00000000 00:00 0 
7f8dd7f02000-7f8dd8000000 rw-p 00000000 00:00 0                          [stack:1655]
7f8dd8000000-7f8dd824f000 rw-p 00000000 00:00 0 
7f8dd824f000-7f8ddc000000 ---p 00000000 00:00 0 
7f8ddc000000-7f8ddc021000 rw-p 00000000 00:00 0 
7f8ddc021000-7f8de0000000 ---p 00000000 00:00 0 
7f8de0000000-7f8de0021000 rw-p 00000000 00:00 0 
7f8de0021000-7f8de4000000 ---p 00000000 00:00 0 
7f8de4000000-7f8de4021000 rw-p 00000000 00:00 0 
7f8de4021000-7f8de8000000 ---p 00000000 00:00 0 
7f8de8000000-7f8de8021000 rw-p 00000000 00:00 0 
7f8de8021000-7f8dec000000 ---p 00000000 00:00 0 
7f8dec020000-7f8dec051000 rw-p 00000000 00:00 0 
7f8dec051000-7f8dec733000 r--p 00000000 08:05 271325                     /usr/lib/locale/locale-archive
7f8dec733000-7f8dec736000 ---p 00000000 00:00 0 
7f8dec736000-7f8dec834000 rw-p 00000000 00:00 0                          [stack:1651]
7f8dec834000-7f8dec837000 ---p 00000000 00:00 0 
7f8dec837000-7f8dec935000 rw-p 00000000 00:00 0                          [stack:1645]
7f8dec935000-7f8dec936000 ---p 00000000 00:00 0 
7f8dec936000-7f8ded987000 rw-p 00000000 00:00 0                          [stack:1643]
7f8ded987000-7f8dedb47000 r--s 039fb000 08:05 746313                     /usr/lib/jvm/java-7-oracle/jre/lib/rt.jar
7f8dedb47000-7f8df0000000 rw-p 00000000 00:00 0 
7f8df0000000-7f8df0021000 rw-p 00000000 00:00 0 
7f8df0021000-7f8df4000000 ---p 00000000 00:00 0 
7f8df4009000-7f8df4188000 rw-p 00000000 00:00 0 
7f8df4188000-7f8df4189000 ---p 00000000 00:00 0 
7f8df4189000-7f8df4289000 rw-p 00000000 00:00 0                          [stack:1636]
7f8df4289000-7f8df428a000 ---p 00000000 00:00 0 
7f8df428a000-7f8df438a000 rw-p 00000000 00:00 0                          [stack:1635]
7f8df438a000-7f8df438b000 ---p 00000000 00:00 0 
7f8df438b000-7f8df448b000 rw-p 00000000 00:00 0                          [stack:1634]
7f8df448b000-7f8df448c000 ---p 00000000 00:00 0 
7f8df448c000-7f8df4597000 rw-p 00000000 00:00 0                          [stack:1626]
7f8df4597000-7f8df45b5000 rw-p 00000000 00:00 0 
7f8df45b5000-7f8df45de000 rw-p 00000000 00:00 0 
7f8df45de000-7f8df470a000 rw-p 00000000 00:00 0 
7f8df470a000-7f8df472f000 rw-p 00000000 00:00 0 
7f8df472f000-7f8df47b5000 rw-p 00000000 00:00 0 
7f8df47b5000-7f8df47b6000 rw-p 00000000 00:00 0 
7f8df47b6000-7f8df4a26000 rwxp 00000000 00:00 0 
7f8df4a26000-7f8df77b6000 rw-p 00000000 00:00 0 
7f8df77b6000-7f8df77cd000 r-xp 00000000 08:05 746729                     /usr/lib/jvm/java-7-oracle/jre/lib/amd64/libzip.so
7f8df77cd000-7f8df79cd000 ---p 00017000 08:05 746729                     /usr/lib/jvm/java-7-oracle/jre/lib/amd64/libzip.so
7f8df79cd000-7f8df79ce000 rw-p 00017000 08:05 746729                     /usr/lib/jvm/java-7-oracle/jre/lib/amd64/libzip.so
7f8df79ce000-7f8df79d9000 r-xp 00000000 08:05 925329                     /lib/x86_64-linux-gnu/libnss_files-2.19.so
7f8df79d9000-7f8df7bd8000 ---p 0000b000 08:05 925329                     /lib/x86_64-linux-gnu/libnss_files-2.19.so
7f8df7bd8000-7f8df7bd9000 r--p 0000a000 08:05 925329                     /lib/x86_64-linux-gnu/libnss_files-2.19.so
7f8df7bd9000-7f8df7bda000 rw-p 0000b000 08:05 925329                     /lib/x86_64-linux-gnu/libnss_files-2.19.so
7f8df7bda000-7f8df7be5000 r-xp 00000000 08:05 925367                     /lib/x86_64-linux-gnu/libnss_nis-2.19.so
7f8df7be5000-7f8df7de4000 ---p 0000b000 08:05 925367                     /lib/x86_64-linux-gnu/libnss_nis-2.19.so
7f8df7de4000-7f8df7de5000 r--p 0000a000 08:05 925367                     /lib/x86_64-linux-gnu/libnss_nis-2.19.so
7f8df7de5000-7f8df7de6000 rw-p 0000b000 08:05 925367                     /lib/x86_64-linux-gnu/libnss_nis-2.19.so
7f8df7de6000-7f8df7dfd000 r-xp 00000000 08:05 925347                     /lib/x86_64-linux-gnu/libnsl-2.19.so
7f8df7dfd000-7f8df7ffc000 ---p 00017000 08:05 925347                     /lib/x86_64-linux-gnu/libnsl-2.19.so
7f8df7ffc000-7f8df7ffd000 r--p 00016000 08:05 925347                     /lib/x86_64-linux-gnu/libnsl-2.19.so
7f8df7ffd000-7f8df7ffe000 rw-p 00017000 08:05 925347                     /lib/x86_64-linux-gnu/libnsl-2.19.so
7f8df7ffe000-7f8df8000000 rw-p 00000000 00:00 0 
7f8df8000000-7f8df818d000 rw-p 00000000 00:00 0 
7f8df818d000-7f8dfc000000 ---p 00000000 00:00 0 
7f8dfc015000-7f8dfc048000 rw-p 00000000 00:00 0 
7f8dfc048000-7f8dfc066000 rw-p 00000000 00:00 0 
7f8dfc066000-7f8dfc08f000 rw-p 00000000 00:00 0 
7f8dfc08f000-7f8dfc1bc000 rw-p 00000000 00:00 0 
7f8dfc1bc000-7f8dfc1c5000 r-xp 00000000 08:05 925345                     /lib/x86_64-linux-gnu/libnss_compat-2.19.so
7f8dfc1c5000-7f8dfc3c4000 ---p 00009000 08:05 925345                     /lib/x86_64-linux-gnu/libnss_compat-2.19.so
7f8dfc3c4000-7f8dfc3c5000 r--p 00008000 08:05 925345                     /lib/x86_64-linux-gnu/libnss_compat-2.19.so
7f8dfc3c5000-7f8dfc3c6000 rw-p 00009000 08:05 925345                     /lib/x86_64-linux-gnu/libnss_compat-2.19.so
7f8dfc3c6000-7f8dfc3ef000 r-xp 00000000 08:05 746778                     /usr/lib/jvm/java-7-oracle/jre/lib/amd64/libjava.so
7f8dfc3ef000-7f8dfc5ef000 ---p 00029000 08:05 746778                     /usr/lib/jvm/java-7-oracle/jre/lib/amd64/libjava.so
7f8dfc5ef000-7f8dfc5f1000 rw-p 00029000 08:05 746778                     /usr/lib/jvm/java-7-oracle/jre/lib/amd64/libjava.so
7f8dfc5f1000-7f8dfc5fe000 r-xp 00000000 08:05 746780                     /usr/lib/jvm/java-7-oracle/jre/lib/amd64/libverify.so
7f8dfc5fe000-7f8dfc7fd000 ---p 0000d000 08:05 746780                     /usr/lib/jvm/java-7-oracle/jre/lib/amd64/libverify.so
7f8dfc7fd000-7f8dfc7ff000 rw-p 0000c000 08:05 746780                     /usr/lib/jvm/java-7-oracle/jre/lib/amd64/libverify.so
7f8dfc7ff000-7f8dfc806000 r-xp 00000000 08:05 925363                     /lib/x86_64-linux-gnu/librt-2.19.so
7f8dfc806000-7f8dfca05000 ---p 00007000 08:05 925363                     /lib/x86_64-linux-gnu/librt-2.19.so
7f8dfca05000-7f8dfca06000 r--p 00006000 08:05 925363                     /lib/x86_64-linux-gnu/librt-2.19.so
7f8dfca06000-7f8dfca07000 rw-p 00007000 08:05 925363                     /lib/x86_64-linux-gnu/librt-2.19.so
7f8dfca07000-7f8dfcb0c000 r-xp 00000000 08:05 925327                     /lib/x86_64-linux-gnu/libm-2.19.so
7f8dfcb0c000-7f8dfcd0b000 ---p 00105000 08:05 925327                     /lib/x86_64-linux-gnu/libm-2.19.so
7f8dfcd0b000-7f8dfcd0c000 r--p 00104000 08:05 925327                     /lib/x86_64-linux-gnu/libm-2.19.so
7f8dfcd0c000-7f8dfcd0d000 rw-p 00105000 08:05 925327                     /lib/x86_64-linux-gnu/libm-2.19.so
7f8dfcd0d000-7f8dfd883000 r-xp 00000000 08:05 746758                     /usr/lib/jvm/java-7-oracle/jre/lib/amd64/server/libjvm.so
7f8dfd883000-7f8dfda82000 ---p 00b76000 08:05 746758                     /usr/lib/jvm/java-7-oracle/jre/lib/amd64/server/libjvm.so
7f8dfda82000-7f8dfdb46000 rw-p 00b75000 08:05 746758                     /usr/lib/jvm/java-7-oracle/jre/lib/amd64/server/libjvm.so
7f8dfdb46000-7f8dfdb87000 rw-p 00000000 00:00 0 
7f8dfdb87000-7f8dfdd42000 r-xp 00000000 08:05 925357                     /lib/x86_64-linux-gnu/libc-2.19.so
7f8dfdd42000-7f8dfdf41000 ---p 001bb000 08:05 925357                     /lib/x86_64-linux-gnu/libc-2.19.so
7f8dfdf41000-7f8dfdf45000 r--p 001ba000 08:05 925357                     /lib/x86_64-linux-gnu/libc-2.19.so
7f8dfdf45000-7f8dfdf47000 rw-p 001be000 08:05 925357                     /lib/x86_64-linux-gnu/libc-2.19.so
7f8dfdf47000-7f8dfdf4c000 rw-p 00000000 00:00 0 
7f8dfdf4c000-7f8dfdf4f000 r-xp 00000000 08:05 925335                     /lib/x86_64-linux-gnu/libdl-2.19.so
7f8dfdf4f000-7f8dfe14e000 ---p 00003000 08:05 925335                     /lib/x86_64-linux-gnu/libdl-2.19.so
7f8dfe14e000-7f8dfe14f000 r--p 00002000 08:05 925335                     /lib/x86_64-linux-gnu/libdl-2.19.so
7f8dfe14f000-7f8dfe150000 rw-p 00003000 08:05 925335                     /lib/x86_64-linux-gnu/libdl-2.19.so
7f8dfe150000-7f8dfe165000 r-xp 00000000 08:05 748383                     /usr/lib/jvm/java-7-oracle/lib/amd64/jli/libjli.so
7f8dfe165000-7f8dfe364000 ---p 00015000 08:05 748383                     /usr/lib/jvm/java-7-oracle/lib/amd64/jli/libjli.so
7f8dfe364000-7f8dfe365000 rw-p 00014000 08:05 748383                     /usr/lib/jvm/java-7-oracle/lib/amd64/jli/libjli.so
7f8dfe365000-7f8dfe37e000 r-xp 00000000 08:05 925359                     /lib/x86_64-linux-gnu/libpthread-2.19.so
7f8dfe37e000-7f8dfe57d000 ---p 00019000 08:05 925359                     /lib/x86_64-linux-gnu/libpthread-2.19.so
7f8dfe57d000-7f8dfe57e000 r--p 00018000 08:05 925359                     /lib/x86_64-linux-gnu/libpthread-2.19.so
7f8dfe57e000-7f8dfe57f000 rw-p 00019000 08:05 925359                     /lib/x86_64-linux-gnu/libpthread-2.19.so
7f8dfe57f000-7f8dfe583000 rw-p 00000000 00:00 0 
7f8dfe583000-7f8dfe5a6000 r-xp 00000000 08:05 925351                     /lib/x86_64-linux-gnu/ld-2.19.so
7f8dfe5ae000-7f8dfe5bd000 r--s 000df000 08:06 409554                     /home/bill/Android/Sdk/build-tools/23.0.1/lib/dx.jar
7f8dfe5bd000-7f8dfe5c7000 rw-p 00000000 00:00 0 
7f8dfe5c7000-7f8dfe67d000 rw-p 00000000 00:00 0 
7f8dfe67d000-7f8dfe680000 ---p 00000000 00:00 0 
7f8dfe680000-7f8dfe799000 rw-p 00000000 00:00 0                          [stack:1610]
7f8dfe799000-7f8dfe7a1000 rw-s 00000000 08:05 830964                     /tmp/hsperfdata_bill/1595
7f8dfe7a1000-7f8dfe7a2000 rw-p 00000000 00:00 0 
7f8dfe7a2000-7f8dfe7a3000 ---p 00000000 00:00 0 
7f8dfe7a3000-7f8dfe7a5000 rw-p 00000000 00:00 0 
7f8dfe7a5000-7f8dfe7a6000 r--p 00022000 08:05 925351                     /lib/x86_64-linux-gnu/ld-2.19.so
7f8dfe7a6000-7f8dfe7a7000 rw-p 00023000 08:05 925351                     /lib/x86_64-linux-gnu/ld-2.19.so
7f8dfe7a7000-7f8dfe7a8000 rw-p 00000000 00:00 0 
7ffc484b8000-7ffc484d9000 rw-p 00000000 00:00 0                          [stack]
7ffc485c3000-7ffc485c5000 r-xp 00000000 00:00 0                          [vdso]
ffffffffff600000-ffffffffff601000 r-xp 00000000 00:00 0                  [vsyscall]

VM Arguments:
jvm_args: -Xmx1024M -Dfile.encoding=UTF-8 -Duser.country=US -Duser.language=en -Duser.variant 
java_command: com.android.dx.command.Main --dex --num-threads=4 --output /home/bill/MobileProto/Lab3/ScavangerHunt/app/build/intermediates/pre-dexed/debug/classes-3da93dd23c526f6eb68aefd55b3b5def256d1d72.jar /home/bill/MobileProto/Lab3/ScavangerHunt/app/build/intermediates/exploded-aar/com.google.android.gms/play-services-drive/8.1.0/jars/classes.jar
Launcher Type: SUN_STANDARD

Environment Variables:
JAVA_HOME=/usr/lib/jvm/java-7-oracle
PATH=/home/bill/bin:/usr/local/sbin:/usr/local/bin:/usr/sbin:/usr/bin:/sbin:/bin:/usr/games:/usr/local/games:/usr/lib/jvm/java-7-oracle/bin:/usr/lib/jvm/java-7-oracle/db/bin:/usr/lib/jvm/java-7-oracle/jre/bin:/opt/matlab/bin
SHELL=/bin/bash
DISPLAY=:0

Signal Handlers:
SIGSEGV: [libjvm.so+0x9a3b20], sa_mask[0]=0x7ffbfeff, sa_flags=0x10000004
SIGBUS: [libjvm.so+0x9a3b20], sa_mask[0]=0x7ffbfeff, sa_flags=0x10000004
SIGFPE: [libjvm.so+0x81e740], sa_mask[0]=0x7ffbfeff, sa_flags=0x10000004
SIGPIPE: [libjvm.so+0x81e740], sa_mask[0]=0x7ffbfeff, sa_flags=0x10000004
SIGXFSZ: [libjvm.so+0x81e740], sa_mask[0]=0x7ffbfeff, sa_flags=0x10000004
SIGILL: [libjvm.so+0x81e740], sa_mask[0]=0x7ffbfeff, sa_flags=0x10000004
SIGUSR1: SIG_DFL, sa_mask[0]=0x00000000, sa_flags=0x00000000
SIGUSR2: [libjvm.so+0x81ffb0], sa_mask[0]=0x00000004, sa_flags=0x10000004
SIGHUP: [libjvm.so+0x8210d0], sa_mask[0]=0x7ffbfeff, sa_flags=0x10000004
SIGINT: [libjvm.so+0x8210d0], sa_mask[0]=0x7ffbfeff, sa_flags=0x10000004
SIGTERM: [libjvm.so+0x8210d0], sa_mask[0]=0x7ffbfeff, sa_flags=0x10000004
SIGQUIT: [libjvm.so+0x8210d0], sa_mask[0]=0x7ffbfeff, sa_flags=0x10000004


---------------  S Y S T E M  ---------------

OS:jessie/sid

uname:Linux 3.13.0-65-generic #106-Ubuntu SMP Fri Oct 2 22:08:27 UTC 2015 x86_64
libc:glibc 2.19 NPTL 2.19 
rlimit: STACK 8192k, CORE 0k, NPROC 62957, NOFILE 4096, AS infinity
load average:15.54 5.53 4.53

/proc/meminfo:
MemTotal:        8080200 kB
MemFree:          246512 kB
Buffers:             932 kB
Cached:          1303852 kB
SwapCached:        47592 kB
Active:          6171104 kB
Inactive:        1349976 kB
Active(anon):    6169076 kB
Inactive(anon):  1306064 kB
Active(file):       2028 kB
Inactive(file):    43912 kB
Unevictable:         916 kB
Mlocked:             916 kB
SwapTotal:        498684 kB
SwapFree:              4 kB
Dirty:                20 kB
Writeback:             0 kB
AnonPages:       6170392 kB
Mapped:           622464 kB
Shmem:           1258168 kB
Slab:              96748 kB
SReclaimable:      42244 kB
SUnreclaim:        54504 kB
KernelStack:        8120 kB
PageTables:        79876 kB
NFS_Unstable:          0 kB
Bounce:                0 kB
WritebackTmp:          0 kB
CommitLimit:     4538784 kB
Committed_AS:   17538792 kB
VmallocTotal:   34359738367 kB
VmallocUsed:      375052 kB
VmallocChunk:   34359286892 kB
HardwareCorrupted:     0 kB
AnonHugePages:    708608 kB
HugePages_Total:       0
HugePages_Free:        0
HugePages_Rsvd:        0
HugePages_Surp:        0
Hugepagesize:       2048 kB
DirectMap4k:      122576 kB
DirectMap2M:     6072320 kB
DirectMap1G:     2097152 kB


CPU:total 4 (2 cores per cpu, 2 threads per core) family 6 model 60 stepping 3, cmov, cx8, fxsr, mmx, sse, sse2, sse3, ssse3, sse4.1, sse4.2, popcnt, avx, avx2, aes, erms, ht, tsc, tscinvbit

/proc/cpuinfo:
processor	: 0
vendor_id	: GenuineIntel
cpu family	: 6
model		: 60
model name	: Intel(R) Core(TM) i7-4610M CPU @ 3.00GHz
stepping	: 3
microcode	: 0x17
cpu MHz		: 3001.000
cache size	: 4096 KB
physical id	: 0
siblings	: 4
core id		: 0
cpu cores	: 2
apicid		: 0
initial apicid	: 0
fpu		: yes
fpu_exception	: yes
cpuid level	: 13
wp		: yes
flags		: fpu vme de pse tsc msr pae mce cx8 apic sep mtrr pge mca cmov pat pse36 clflush dts acpi mmx fxsr sse sse2 ss ht tm pbe syscall nx pdpe1gb rdtscp lm constant_tsc arch_perfmon pebs bts rep_good nopl xtopology nonstop_tsc aperfmperf eagerfpu pni pclmulqdq dtes64 monitor ds_cpl vmx smx est tm2 ssse3 fma cx16 xtpr pdcm pcid sse4_1 sse4_2 x2apic movbe popcnt tsc_deadline_timer aes xsave avx f16c rdrand lahf_lm abm ida arat epb xsaveopt pln pts dtherm tpr_shadow vnmi flexpriority ept vpid fsgsbase tsc_adjust bmi1 hle avx2 smep bmi2 erms invpcid rtm
bogomips	: 5986.25
clflush size	: 64
cache_alignment	: 64
address sizes	: 39 bits physical, 48 bits virtual
power management:

processor	: 1
vendor_id	: GenuineIntel
cpu family	: 6
model		: 60
model name	: Intel(R) Core(TM) i7-4610M CPU @ 3.00GHz
stepping	: 3
microcode	: 0x17
cpu MHz		: 3001.000
cache size	: 4096 KB
physical id	: 0
siblings	: 4
core id		: 1
cpu cores	: 2
apicid		: 2
initial apicid	: 2
fpu		: yes
fpu_exception	: yes
cpuid level	: 13
wp		: yes
flags		: fpu vme de pse tsc msr pae mce cx8 apic sep mtrr pge mca cmov pat pse36 clflush dts acpi mmx fxsr sse sse2 ss ht tm pbe syscall nx pdpe1gb rdtscp lm constant_tsc arch_perfmon pebs bts rep_good nopl xtopology nonstop_tsc aperfmperf eagerfpu pni pclmulqdq dtes64 monitor ds_cpl vmx smx est tm2 ssse3 fma cx16 xtpr pdcm pcid sse4_1 sse4_2 x2apic movbe popcnt tsc_deadline_timer aes xsave avx f16c rdrand lahf_lm abm ida arat epb xsaveopt pln pts dtherm tpr_shadow vnmi flexpriority ept vpid fsgsbase tsc_adjust bmi1 hle avx2 smep bmi2 erms invpcid rtm
bogomips	: 5986.25
clflush size	: 64
cache_alignment	: 64
address sizes	: 39 bits physical, 48 bits virtual
power management:

processor	: 2
vendor_id	: GenuineIntel
cpu family	: 6
model		: 60
model name	: Intel(R) Core(TM) i7-4610M CPU @ 3.00GHz
stepping	: 3
microcode	: 0x17
cpu MHz		: 3001.000
cache size	: 4096 KB
physical id	: 0
siblings	: 4
core id		: 0
cpu cores	: 2
apicid		: 1
initial apicid	: 1
fpu		: yes
fpu_exception	: yes
cpuid level	: 13
wp		: yes
flags		: fpu vme de pse tsc msr pae mce cx8 apic sep mtrr pge mca cmov pat pse36 clflush dts acpi mmx fxsr sse sse2 ss ht tm pbe syscall nx pdpe1gb rdtscp lm constant_tsc arch_perfmon pebs bts rep_good nopl xtopology nonstop_tsc aperfmperf eagerfpu pni pclmulqdq dtes64 monitor ds_cpl vmx smx est tm2 ssse3 fma cx16 xtpr pdcm pcid sse4_1 sse4_2 x2apic movbe popcnt tsc_deadline_timer aes xsave avx f16c rdrand lahf_lm abm ida arat epb xsaveopt pln pts dtherm tpr_shadow vnmi flexpriority ept vpid fsgsbase tsc_adjust bmi1 hle avx2 smep bmi2 erms invpcid rtm
bogomips	: 5986.25
clflush size	: 64
cache_alignment	: 64
address sizes	: 39 bits physical, 48 bits virtual
power management:

processor	: 3
vendor_id	: GenuineIntel
cpu family	: 6
model		: 60
model name	: Intel(R) Core(TM) i7-4610M CPU @ 3.00GHz
stepping	: 3
microcode	: 0x17
cpu MHz		: 3001.000
cache size	: 4096 KB
physical id	: 0
siblings	: 4
core id		: 1
cpu cores	: 2
apicid		: 3
initial apicid	: 3
fpu		: yes
fpu_exception	: yes
cpuid level	: 13
wp		: yes
flags		: fpu vme de pse tsc msr pae mce cx8 apic sep mtrr pge mca cmov pat pse36 clflush dts acpi mmx fxsr sse sse2 ss ht tm pbe syscall nx pdpe1gb rdtscp lm constant_tsc arch_perfmon pebs bts rep_good nopl xtopology nonstop_tsc aperfmperf eagerfpu pni pclmulqdq dtes64 monitor ds_cpl vmx smx est tm2 ssse3 fma cx16 xtpr pdcm pcid sse4_1 sse4_2 x2apic movbe popcnt tsc_deadline_timer aes xsave avx f16c rdrand lahf_lm abm ida arat epb xsaveopt pln pts dtherm tpr_shadow vnmi flexpriority ept vpid fsgsbase tsc_adjust bmi1 hle avx2 smep bmi2 erms invpcid rtm
bogomips	: 5986.25
clflush size	: 64
cache_alignment	: 64
address sizes	: 39 bits physical, 48 bits virtual
power management:



Memory: 4k page, physical 8080200k(246512k free), swap 498684k(4k free)

vm_info: Java HotSpot(TM) 64-Bit Server VM (24.80-b11) for linux-amd64 JRE (1.7.0_80-b15), built on Apr 10 2015 19:53:14 by "java_re" with gcc 4.3.0 20080428 (Red Hat 4.3.0-8)

time: Tue Oct 13 19:36:41 2015
elapsed time: 21 seconds

